{"/Users/dorrr/Desktop/Hacktiv8/Phase 2/IP-HCK65/server/app.js": {"path":"/Users/dorrr/Desktop/Hacktiv8/Phase 2/IP-HCK65/server/app.js","statementMap":{"0":{"start":{"line":1,"column":0},"end":{"line":3,"column":1}},"1":{"start":{"line":2,"column":1},"end":{"line":2,"column":28}},"2":{"start":{"line":5,"column":13},"end":{"line":5,"column":28}},"3":{"start":{"line":7,"column":16},"end":{"line":7,"column":34}},"4":{"start":{"line":8,"column":15},"end":{"line":8,"column":35}},"5":{"start":{"line":9,"column":22},"end":{"line":9,"column":60}},"6":{"start":{"line":11,"column":12},"end":{"line":11,"column":21}},"7":{"start":{"line":14,"column":0},"end":{"line":14,"column":47}},"8":{"start":{"line":15,"column":0},"end":{"line":15,"column":15}},"9":{"start":{"line":16,"column":0},"end":{"line":16,"column":23}},"10":{"start":{"line":19,"column":0},"end":{"line":19,"column":15}},"11":{"start":{"line":21,"column":0},"end":{"line":21,"column":22}},"12":{"start":{"line":27,"column":0},"end":{"line":27,"column":20}}},"fnMap":{},"branchMap":{"0":{"loc":{"start":{"line":1,"column":0},"end":{"line":3,"column":1}},"type":"if","locations":[{"start":{"line":1,"column":0},"end":{"line":3,"column":1}},{"start":{},"end":{}}],"line":1}},"s":{"0":1,"1":1,"2":1,"3":1,"4":1,"5":1,"6":1,"7":1,"8":1,"9":1,"10":1,"11":1,"12":1},"f":{},"b":{"0":[1,0]},"_coverageSchema":"1a1c01bbd47fc00a2c39e90264f33305004495a9","hash":"287d651a9fdeeb63c704a2773f72cf96ae807078"}
,"/Users/dorrr/Desktop/Hacktiv8/Phase 2/IP-HCK65/server/controllers/controller.js": {"path":"/Users/dorrr/Desktop/Hacktiv8/Phase 2/IP-HCK65/server/controllers/controller.js","statementMap":{"0":{"start":{"line":1,"column":23},"end":{"line":1,"column":43}},"1":{"start":{"line":2,"column":28},"end":{"line":2,"column":56}},"2":{"start":{"line":3,"column":22},"end":{"line":3,"column":47}},"3":{"start":{"line":4,"column":14},"end":{"line":4,"column":30}},"4":{"start":{"line":5,"column":19},"end":{"line":5,"column":40}},"5":{"start":{"line":6,"column":25},"end":{"line":6,"column":55}},"6":{"start":{"line":7,"column":15},"end":{"line":7,"column":33}},"7":{"start":{"line":9,"column":0},"end":{"line":273,"column":68}},"8":{"start":{"line":14,"column":8},"end":{"line":44,"column":9}},"9":{"start":{"line":15,"column":37},"end":{"line":15,"column":45}},"10":{"start":{"line":17,"column":27},"end":{"line":20,"column":14}},"11":{"start":{"line":21,"column":28},"end":{"line":21,"column":47}},"12":{"start":{"line":23,"column":36},"end":{"line":30,"column":14}},"13":{"start":{"line":31,"column":33},"end":{"line":31,"column":59}},"14":{"start":{"line":33,"column":12},"end":{"line":39,"column":14}},"15":{"start":{"line":41,"column":32},"end":{"line":41,"column":87}},"16":{"start":{"line":42,"column":12},"end":{"line":42,"column":23}},"17":{"start":{"line":48,"column":8},"end":{"line":73,"column":9}},"18":{"start":{"line":49,"column":40},"end":{"line":49,"column":48}},"19":{"start":{"line":51,"column":12},"end":{"line":51,"column":65}},"20":{"start":{"line":51,"column":37},"end":{"line":51,"column":65}},"21":{"start":{"line":53,"column":25},"end":{"line":57,"column":14}},"22":{"start":{"line":59,"column":12},"end":{"line":59,"column":53}},"23":{"start":{"line":59,"column":23},"end":{"line":59,"column":53}},"24":{"start":{"line":61,"column":38},"end":{"line":61,"column":78}},"25":{"start":{"line":64,"column":12},"end":{"line":64,"column":66}},"26":{"start":{"line":64,"column":36},"end":{"line":64,"column":66}},"27":{"start":{"line":66,"column":33},"end":{"line":66,"column":58}},"28":{"start":{"line":68,"column":12},"end":{"line":68,"column":50}},"29":{"start":{"line":71,"column":32},"end":{"line":71,"column":87}},"30":{"start":{"line":72,"column":12},"end":{"line":72,"column":23}},"31":{"start":{"line":78,"column":8},"end":{"line":129,"column":9}},"32":{"start":{"line":79,"column":50},"end":{"line":79,"column":58}},"33":{"start":{"line":81,"column":12},"end":{"line":85,"column":13}},"34":{"start":{"line":82,"column":16},"end":{"line":84,"column":18}},"35":{"start":{"line":87,"column":25},"end":{"line":91,"column":14}},"36":{"start":{"line":93,"column":12},"end":{"line":93,"column":62}},"37":{"start":{"line":93,"column":22},"end":{"line":93,"column":62}},"38":{"start":{"line":95,"column":12},"end":{"line":95,"column":68}},"39":{"start":{"line":97,"column":32},"end":{"line":103,"column":14}},"40":{"start":{"line":109,"column":29},"end":{"line":115,"column":18}},"41":{"start":{"line":117,"column":36},"end":{"line":117,"column":122}},"42":{"start":{"line":120,"column":12},"end":{"line":120,"column":40}},"43":{"start":{"line":124,"column":32},"end":{"line":124,"column":89}},"44":{"start":{"line":127,"column":12},"end":{"line":127,"column":23}},"45":{"start":{"line":135,"column":8},"end":{"line":154,"column":9}},"46":{"start":{"line":137,"column":27},"end":{"line":141,"column":14}},"47":{"start":{"line":145,"column":29},"end":{"line":145,"column":33}},"48":{"start":{"line":147,"column":12},"end":{"line":147,"column":42}},"49":{"start":{"line":151,"column":32},"end":{"line":151,"column":89}},"50":{"start":{"line":159,"column":8},"end":{"line":187,"column":9}},"51":{"start":{"line":161,"column":28},"end":{"line":161,"column":36}},"52":{"start":{"line":169,"column":25},"end":{"line":172,"column":14}},"53":{"start":{"line":174,"column":12},"end":{"line":178,"column":13}},"54":{"start":{"line":175,"column":16},"end":{"line":177,"column":18}},"55":{"start":{"line":182,"column":12},"end":{"line":182,"column":82}},"56":{"start":{"line":185,"column":32},"end":{"line":185,"column":89}},"57":{"start":{"line":192,"column":8},"end":{"line":209,"column":9}},"58":{"start":{"line":193,"column":29},"end":{"line":193,"column":49}},"59":{"start":{"line":203,"column":12},"end":{"line":203,"column":42}},"60":{"start":{"line":206,"column":32},"end":{"line":206,"column":89}},"61":{"start":{"line":207,"column":12},"end":{"line":207,"column":23}},"62":{"start":{"line":213,"column":8},"end":{"line":232,"column":9}},"63":{"start":{"line":214,"column":27},"end":{"line":214,"column":37}},"64":{"start":{"line":216,"column":32},"end":{"line":221,"column":14}},"65":{"start":{"line":223,"column":12},"end":{"line":227,"column":13}},"66":{"start":{"line":224,"column":16},"end":{"line":224,"column":87}},"67":{"start":{"line":226,"column":16},"end":{"line":226,"column":102}},"68":{"start":{"line":229,"column":32},"end":{"line":229,"column":89}},"69":{"start":{"line":231,"column":12},"end":{"line":231,"column":23}},"70":{"start":{"line":236,"column":8},"end":{"line":264,"column":9}},"71":{"start":{"line":237,"column":25},"end":{"line":237,"column":35}},"72":{"start":{"line":239,"column":29},"end":{"line":239,"column":52}},"73":{"start":{"line":241,"column":12},"end":{"line":241,"column":50}},"74":{"start":{"line":241,"column":26},"end":{"line":241,"column":50}},"75":{"start":{"line":243,"column":32},"end":{"line":243,"column":40}},"76":{"start":{"line":245,"column":12},"end":{"line":249,"column":13}},"77":{"start":{"line":246,"column":16},"end":{"line":248,"column":18}},"78":{"start":{"line":251,"column":12},"end":{"line":253,"column":14}},"79":{"start":{"line":259,"column":12},"end":{"line":259,"column":59}},"80":{"start":{"line":261,"column":32},"end":{"line":261,"column":89}},"81":{"start":{"line":262,"column":12},"end":{"line":262,"column":23}},"82":{"start":{"line":273,"column":85},"end":{"line":273,"column":37424}},"83":{"start":{"line":273,"column":89},"end":{"line":273,"column":37413}}},"fnMap":{"0":{"name":"(anonymous_0)","decl":{"start":{"line":13,"column":4},"end":{"line":13,"column":5}},"loc":{"start":{"line":13,"column":45},"end":{"line":45,"column":5}},"line":13},"1":{"name":"(anonymous_1)","decl":{"start":{"line":47,"column":4},"end":{"line":47,"column":5}},"loc":{"start":{"line":47,"column":43},"end":{"line":74,"column":5}},"line":47},"2":{"name":"(anonymous_2)","decl":{"start":{"line":76,"column":4},"end":{"line":76,"column":5}},"loc":{"start":{"line":76,"column":46},"end":{"line":130,"column":5}},"line":76},"3":{"name":"main","decl":{"start":{"line":107,"column":27},"end":{"line":107,"column":31}},"loc":{"start":{"line":107,"column":34},"end":{"line":118,"column":13}},"line":107},"4":{"name":"(anonymous_4)","decl":{"start":{"line":134,"column":4},"end":{"line":134,"column":5}},"loc":{"start":{"line":134,"column":39},"end":{"line":155,"column":5}},"line":134},"5":{"name":"(anonymous_5)","decl":{"start":{"line":157,"column":4},"end":{"line":157,"column":5}},"loc":{"start":{"line":157,"column":45},"end":{"line":188,"column":5}},"line":157},"6":{"name":"(anonymous_6)","decl":{"start":{"line":190,"column":4},"end":{"line":190,"column":5}},"loc":{"start":{"line":190,"column":45},"end":{"line":210,"column":5}},"line":190},"7":{"name":"(anonymous_7)","decl":{"start":{"line":212,"column":4},"end":{"line":212,"column":5}},"loc":{"start":{"line":212,"column":47},"end":{"line":233,"column":5}},"line":212},"8":{"name":"(anonymous_8)","decl":{"start":{"line":235,"column":4},"end":{"line":235,"column":5}},"loc":{"start":{"line":235,"column":45},"end":{"line":265,"column":5}},"line":235},"9":{"name":"oo_cm","decl":{"start":{"line":273,"column":77},"end":{"line":273,"column":82}},"loc":{"start":{"line":273,"column":84},"end":{"line":273,"column":37425}},"line":273}},"branchMap":{"0":{"loc":{"start":{"line":33,"column":23},"end":{"line":33,"column":42}},"type":"cond-expr","locations":[{"start":{"line":33,"column":33},"end":{"line":33,"column":36}},{"start":{"line":33,"column":39},"end":{"line":33,"column":42}}],"line":33},"1":{"loc":{"start":{"line":51,"column":12},"end":{"line":51,"column":65}},"type":"if","locations":[{"start":{"line":51,"column":12},"end":{"line":51,"column":65}},{"start":{},"end":{}}],"line":51},"2":{"loc":{"start":{"line":51,"column":16},"end":{"line":51,"column":35}},"type":"binary-expr","locations":[{"start":{"line":51,"column":16},"end":{"line":51,"column":22}},{"start":{"line":51,"column":26},"end":{"line":51,"column":35}}],"line":51},"3":{"loc":{"start":{"line":59,"column":12},"end":{"line":59,"column":53}},"type":"if","locations":[{"start":{"line":59,"column":12},"end":{"line":59,"column":53}},{"start":{},"end":{}}],"line":59},"4":{"loc":{"start":{"line":64,"column":12},"end":{"line":64,"column":66}},"type":"if","locations":[{"start":{"line":64,"column":12},"end":{"line":64,"column":66}},{"start":{},"end":{}}],"line":64},"5":{"loc":{"start":{"line":81,"column":12},"end":{"line":85,"column":13}},"type":"if","locations":[{"start":{"line":81,"column":12},"end":{"line":85,"column":13}},{"start":{},"end":{}}],"line":81},"6":{"loc":{"start":{"line":81,"column":15},"end":{"line":81,"column":47}},"type":"binary-expr","locations":[{"start":{"line":81,"column":15},"end":{"line":81,"column":24}},{"start":{"line":81,"column":28},"end":{"line":81,"column":34}},{"start":{"line":81,"column":38},"end":{"line":81,"column":47}}],"line":81},"7":{"loc":{"start":{"line":93,"column":12},"end":{"line":93,"column":62}},"type":"if","locations":[{"start":{"line":93,"column":12},"end":{"line":93,"column":62}},{"start":{},"end":{}}],"line":93},"8":{"loc":{"start":{"line":174,"column":12},"end":{"line":178,"column":13}},"type":"if","locations":[{"start":{"line":174,"column":12},"end":{"line":178,"column":13}},{"start":{},"end":{}}],"line":174},"9":{"loc":{"start":{"line":223,"column":12},"end":{"line":227,"column":13}},"type":"if","locations":[{"start":{"line":223,"column":12},"end":{"line":227,"column":13}},{"start":{"line":225,"column":19},"end":{"line":227,"column":13}}],"line":223},"10":{"loc":{"start":{"line":241,"column":12},"end":{"line":241,"column":50}},"type":"if","locations":[{"start":{"line":241,"column":12},"end":{"line":241,"column":50}},{"start":{},"end":{}}],"line":241},"11":{"loc":{"start":{"line":245,"column":12},"end":{"line":249,"column":13}},"type":"if","locations":[{"start":{"line":245,"column":12},"end":{"line":249,"column":13}},{"start":{},"end":{}}],"line":245},"12":{"loc":{"start":{"line":273,"column":96},"end":{"line":273,"column":37412}},"type":"binary-expr","locations":[{"start":{"line":273,"column":96},"end":{"line":273,"column":133}},{"start":{"line":273,"column":137},"end":{"line":273,"column":37412}}],"line":273}},"s":{"0":1,"1":1,"2":1,"3":1,"4":1,"5":1,"6":1,"7":1,"8":1,"9":1,"10":1,"11":0,"12":0,"13":0,"14":0,"15":1,"16":1,"17":7,"18":7,"19":7,"20":4,"21":3,"22":3,"23":1,"24":2,"25":2,"26":1,"27":1,"28":1,"29":6,"30":6,"31":5,"32":5,"33":5,"34":4,"35":1,"36":0,"37":0,"38":0,"39":0,"40":0,"41":0,"42":0,"43":1,"44":1,"45":1,"46":1,"47":1,"48":1,"49":0,"50":1,"51":1,"52":1,"53":0,"54":0,"55":0,"56":1,"57":0,"58":0,"59":0,"60":0,"61":0,"62":1,"63":1,"64":1,"65":1,"66":1,"67":0,"68":0,"69":0,"70":2,"71":2,"72":2,"73":2,"74":0,"75":2,"76":2,"77":1,"78":1,"79":0,"80":1,"81":1,"82":10,"83":10},"f":{"0":1,"1":7,"2":5,"3":0,"4":1,"5":1,"6":0,"7":1,"8":2,"9":10},"b":{"0":[0,0],"1":[4,3],"2":[7,5],"3":[1,2],"4":[1,1],"5":[4,1],"6":[5,4,3],"7":[0,0],"8":[0,0],"9":[1,0],"10":[0,2],"11":[1,1],"12":[10,1]},"_coverageSchema":"1a1c01bbd47fc00a2c39e90264f33305004495a9","hash":"f23f99865a7322c9c1205c51ddaa9b2134acb243"}
,"/Users/dorrr/Desktop/Hacktiv8/Phase 2/IP-HCK65/server/helpers/bcrypt.js": {"path":"/Users/dorrr/Desktop/Hacktiv8/Phase 2/IP-HCK65/server/helpers/bcrypt.js","statementMap":{"0":{"start":{"line":1,"column":15},"end":{"line":1,"column":34}},"1":{"start":{"line":2,"column":13},"end":{"line":2,"column":35}},"2":{"start":{"line":5,"column":4},"end":{"line":5,"column":43}},"3":{"start":{"line":9,"column":4},"end":{"line":9,"column":56}},"4":{"start":{"line":12,"column":0},"end":{"line":15,"column":1}}},"fnMap":{"0":{"name":"hashPassword","decl":{"start":{"line":4,"column":9},"end":{"line":4,"column":21}},"loc":{"start":{"line":4,"column":33},"end":{"line":6,"column":1}},"line":4},"1":{"name":"comparePassword","decl":{"start":{"line":8,"column":9},"end":{"line":8,"column":24}},"loc":{"start":{"line":8,"column":52},"end":{"line":10,"column":1}},"line":8}},"branchMap":{},"s":{"0":1,"1":1,"2":2,"3":2,"4":1},"f":{"0":2,"1":2},"b":{},"_coverageSchema":"1a1c01bbd47fc00a2c39e90264f33305004495a9","hash":"8b3abc1262335b84cceed7a21ade0a46e98747be"}
,"/Users/dorrr/Desktop/Hacktiv8/Phase 2/IP-HCK65/server/helpers/jwt.js": {"path":"/Users/dorrr/Desktop/Hacktiv8/Phase 2/IP-HCK65/server/helpers/jwt.js","statementMap":{"0":{"start":{"line":1,"column":12},"end":{"line":1,"column":35}},"1":{"start":{"line":2,"column":15},"end":{"line":2,"column":37}},"2":{"start":{"line":5,"column":4},"end":{"line":5,"column":34}},"3":{"start":{"line":9,"column":4},"end":{"line":9,"column":36}},"4":{"start":{"line":12,"column":0},"end":{"line":15,"column":1}}},"fnMap":{"0":{"name":"signToken","decl":{"start":{"line":4,"column":9},"end":{"line":4,"column":18}},"loc":{"start":{"line":4,"column":26},"end":{"line":6,"column":1}},"line":4},"1":{"name":"verifyToken","decl":{"start":{"line":8,"column":9},"end":{"line":8,"column":20}},"loc":{"start":{"line":8,"column":28},"end":{"line":10,"column":1}},"line":8}},"branchMap":{},"s":{"0":1,"1":1,"2":2,"3":5,"4":1},"f":{"0":2,"1":5},"b":{},"_coverageSchema":"1a1c01bbd47fc00a2c39e90264f33305004495a9","hash":"e3751e0eccd690f84cb9995c75f86d911dcb4be1"}
,"/Users/dorrr/Desktop/Hacktiv8/Phase 2/IP-HCK65/server/middlewares/authentication.js": {"path":"/Users/dorrr/Desktop/Hacktiv8/Phase 2/IP-HCK65/server/middlewares/authentication.js","statementMap":{"0":{"start":{"line":1,"column":24},"end":{"line":1,"column":49}},"1":{"start":{"line":2,"column":17},"end":{"line":2,"column":37}},"2":{"start":{"line":4,"column":4},"end":{"line":32,"column":5}},"3":{"start":{"line":6,"column":20},"end":{"line":6,"column":45}},"4":{"start":{"line":8,"column":8},"end":{"line":8,"column":50}},"5":{"start":{"line":8,"column":20},"end":{"line":8,"column":50}},"6":{"start":{"line":10,"column":8},"end":{"line":10,"column":75}},"7":{"start":{"line":10,"column":45},"end":{"line":10,"column":75}},"8":{"start":{"line":12,"column":8},"end":{"line":12,"column":30}},"9":{"start":{"line":14,"column":24},"end":{"line":14,"column":42}},"10":{"start":{"line":16,"column":8},"end":{"line":16,"column":49}},"11":{"start":{"line":16,"column":21},"end":{"line":16,"column":49}},"12":{"start":{"line":18,"column":21},"end":{"line":18,"column":52}},"13":{"start":{"line":20,"column":8},"end":{"line":20,"column":46}},"14":{"start":{"line":20,"column":18},"end":{"line":20,"column":46}},"15":{"start":{"line":22,"column":8},"end":{"line":25,"column":9}},"16":{"start":{"line":27,"column":8},"end":{"line":27,"column":14}},"17":{"start":{"line":30,"column":28},"end":{"line":30,"column":83}},"18":{"start":{"line":31,"column":8},"end":{"line":31,"column":19}},"19":{"start":{"line":36,"column":0},"end":{"line":43,"column":68}},"20":{"start":{"line":43,"column":85},"end":{"line":43,"column":37424}},"21":{"start":{"line":43,"column":89},"end":{"line":43,"column":37413}}},"fnMap":{"0":{"name":"authenticate","decl":{"start":{"line":3,"column":15},"end":{"line":3,"column":27}},"loc":{"start":{"line":3,"column":44},"end":{"line":34,"column":1}},"line":3},"1":{"name":"oo_cm","decl":{"start":{"line":43,"column":77},"end":{"line":43,"column":82}},"loc":{"start":{"line":43,"column":84},"end":{"line":43,"column":37425}},"line":43}},"branchMap":{"0":{"loc":{"start":{"line":8,"column":8},"end":{"line":8,"column":50}},"type":"if","locations":[{"start":{"line":8,"column":8},"end":{"line":8,"column":50}},{"start":{},"end":{}}],"line":8},"1":{"loc":{"start":{"line":10,"column":8},"end":{"line":10,"column":75}},"type":"if","locations":[{"start":{"line":10,"column":8},"end":{"line":10,"column":75}},{"start":{},"end":{}}],"line":10},"2":{"loc":{"start":{"line":16,"column":8},"end":{"line":16,"column":49}},"type":"if","locations":[{"start":{"line":16,"column":8},"end":{"line":16,"column":49}},{"start":{},"end":{}}],"line":16},"3":{"loc":{"start":{"line":20,"column":8},"end":{"line":20,"column":46}},"type":"if","locations":[{"start":{"line":20,"column":8},"end":{"line":20,"column":46}},{"start":{},"end":{}}],"line":20},"4":{"loc":{"start":{"line":43,"column":96},"end":{"line":43,"column":37412}},"type":"binary-expr","locations":[{"start":{"line":43,"column":96},"end":{"line":43,"column":133}},{"start":{"line":43,"column":137},"end":{"line":43,"column":37412}}],"line":43}},"s":{"0":1,"1":1,"2":8,"3":8,"4":8,"5":3,"6":5,"7":0,"8":5,"9":5,"10":5,"11":0,"12":5,"13":5,"14":0,"15":5,"16":5,"17":3,"18":3,"19":1,"20":3,"21":3},"f":{"0":8,"1":3},"b":{"0":[3,5],"1":[0,5],"2":[0,5],"3":[0,5],"4":[3,0]},"_coverageSchema":"1a1c01bbd47fc00a2c39e90264f33305004495a9","hash":"4e147cf91b0f5baa044a226d5130543633da0919"}
,"/Users/dorrr/Desktop/Hacktiv8/Phase 2/IP-HCK65/server/middlewares/authorization.js": {"path":"/Users/dorrr/Desktop/Hacktiv8/Phase 2/IP-HCK65/server/middlewares/authorization.js","statementMap":{"0":{"start":{"line":1,"column":15},"end":{"line":1,"column":35}},"1":{"start":{"line":3,"column":0},"end":{"line":26,"column":68}},"2":{"start":{"line":4,"column":4},"end":{"line":18,"column":5}},"3":{"start":{"line":6,"column":23},"end":{"line":6,"column":33}},"4":{"start":{"line":8,"column":28},"end":{"line":8,"column":51}},"5":{"start":{"line":10,"column":21},"end":{"line":10,"column":32}},"6":{"start":{"line":11,"column":8},"end":{"line":11,"column":64}},"7":{"start":{"line":11,"column":37},"end":{"line":11,"column":64}},"8":{"start":{"line":13,"column":8},"end":{"line":13,"column":14}},"9":{"start":{"line":16,"column":28},"end":{"line":16,"column":81}},"10":{"start":{"line":17,"column":8},"end":{"line":17,"column":19}},"11":{"start":{"line":26,"column":85},"end":{"line":26,"column":37424}},"12":{"start":{"line":26,"column":89},"end":{"line":26,"column":37413}}},"fnMap":{"0":{"name":"authorization","decl":{"start":{"line":3,"column":32},"end":{"line":3,"column":45}},"loc":{"start":{"line":3,"column":62},"end":{"line":19,"column":1}},"line":3},"1":{"name":"oo_cm","decl":{"start":{"line":26,"column":77},"end":{"line":26,"column":82}},"loc":{"start":{"line":26,"column":84},"end":{"line":26,"column":37425}},"line":26}},"branchMap":{"0":{"loc":{"start":{"line":11,"column":8},"end":{"line":11,"column":64}},"type":"if","locations":[{"start":{"line":11,"column":8},"end":{"line":11,"column":64}},{"start":{},"end":{}}],"line":11},"1":{"loc":{"start":{"line":26,"column":96},"end":{"line":26,"column":37412}},"type":"binary-expr","locations":[{"start":{"line":26,"column":96},"end":{"line":26,"column":133}},{"start":{"line":26,"column":137},"end":{"line":26,"column":37412}}],"line":26}},"s":{"0":1,"1":1,"2":3,"3":3,"4":3,"5":3,"6":3,"7":1,"8":2,"9":1,"10":1,"11":1,"12":1},"f":{"0":3,"1":1},"b":{"0":[1,2],"1":[1,0]},"_coverageSchema":"1a1c01bbd47fc00a2c39e90264f33305004495a9","hash":"20e876a4e1a8922b329fa2046675f291398d1df1"}
,"/Users/dorrr/Desktop/Hacktiv8/Phase 2/IP-HCK65/server/middlewares/errorHandlers.js": {"path":"/Users/dorrr/Desktop/Hacktiv8/Phase 2/IP-HCK65/server/middlewares/errorHandlers.js","statementMap":{"0":{"start":{"line":1,"column":0},"end":{"line":37,"column":1}},"1":{"start":{"line":3,"column":21},"end":{"line":3,"column":42}},"2":{"start":{"line":4,"column":18},"end":{"line":4,"column":56}},"3":{"start":{"line":6,"column":4},"end":{"line":34,"column":5}},"4":{"start":{"line":9,"column":12},"end":{"line":9,"column":28}},"5":{"start":{"line":10,"column":12},"end":{"line":10,"column":43}},"6":{"start":{"line":11,"column":12},"end":{"line":11,"column":18}},"7":{"start":{"line":13,"column":12},"end":{"line":13,"column":28}},"8":{"start":{"line":14,"column":12},"end":{"line":14,"column":50}},"9":{"start":{"line":15,"column":12},"end":{"line":15,"column":18}},"10":{"start":{"line":18,"column":12},"end":{"line":18,"column":28}},"11":{"start":{"line":19,"column":12},"end":{"line":19,"column":37}},"12":{"start":{"line":20,"column":12},"end":{"line":20,"column":18}},"13":{"start":{"line":22,"column":12},"end":{"line":22,"column":28}},"14":{"start":{"line":23,"column":12},"end":{"line":23,"column":46}},"15":{"start":{"line":24,"column":12},"end":{"line":24,"column":18}},"16":{"start":{"line":26,"column":12},"end":{"line":26,"column":28}},"17":{"start":{"line":27,"column":12},"end":{"line":27,"column":38}},"18":{"start":{"line":28,"column":12},"end":{"line":28,"column":18}},"19":{"start":{"line":30,"column":12},"end":{"line":30,"column":28}},"20":{"start":{"line":31,"column":12},"end":{"line":31,"column":46}},"21":{"start":{"line":32,"column":12},"end":{"line":32,"column":18}},"22":{"start":{"line":36,"column":4},"end":{"line":36,"column":42}}},"fnMap":{"0":{"name":"errorHandler","decl":{"start":{"line":1,"column":26},"end":{"line":1,"column":38}},"loc":{"start":{"line":1,"column":60},"end":{"line":37,"column":1}},"line":1}},"branchMap":{"0":{"loc":{"start":{"line":3,"column":21},"end":{"line":3,"column":42}},"type":"binary-expr","locations":[{"start":{"line":3,"column":21},"end":{"line":3,"column":35}},{"start":{"line":3,"column":39},"end":{"line":3,"column":42}}],"line":3},"1":{"loc":{"start":{"line":4,"column":18},"end":{"line":4,"column":56}},"type":"binary-expr","locations":[{"start":{"line":4,"column":18},"end":{"line":4,"column":29}},{"start":{"line":4,"column":33},"end":{"line":4,"column":56}}],"line":4},"2":{"loc":{"start":{"line":6,"column":4},"end":{"line":34,"column":5}},"type":"switch","locations":[{"start":{"line":7,"column":8},"end":{"line":7,"column":40}},{"start":{"line":8,"column":8},"end":{"line":11,"column":18}},{"start":{"line":12,"column":8},"end":{"line":15,"column":18}},{"start":{"line":16,"column":8},"end":{"line":16,"column":33}},{"start":{"line":17,"column":8},"end":{"line":20,"column":18}},{"start":{"line":21,"column":8},"end":{"line":24,"column":18}},{"start":{"line":25,"column":8},"end":{"line":28,"column":18}},{"start":{"line":29,"column":8},"end":{"line":32,"column":18}},{"start":{"line":33,"column":8},"end":{"line":33,"column":16}}],"line":6}},"s":{"0":1,"1":13,"2":13,"3":13,"4":2,"5":2,"6":2,"7":4,"8":4,"9":4,"10":3,"11":3,"12":3,"13":2,"14":2,"15":2,"16":0,"17":0,"18":0,"19":1,"20":1,"21":1,"22":13},"f":{"0":13},"b":{"0":[13,13],"1":[13,10],"2":[0,2,4,0,3,2,0,1,1]},"_coverageSchema":"1a1c01bbd47fc00a2c39e90264f33305004495a9","hash":"4faa3a0d212e8889a73d8207530aad9f683fee51"}
,"/Users/dorrr/Desktop/Hacktiv8/Phase 2/IP-HCK65/server/models/cats.js": {"path":"/Users/dorrr/Desktop/Hacktiv8/Phase 2/IP-HCK65/server/models/cats.js","statementMap":{"0":{"start":{"line":4,"column":4},"end":{"line":4,"column":24}},"1":{"start":{"line":5,"column":0},"end":{"line":38,"column":2}},"2":{"start":{"line":14,"column":6},"end":{"line":14,"column":34}},"3":{"start":{"line":17,"column":2},"end":{"line":36,"column":5}},"4":{"start":{"line":37,"column":2},"end":{"line":37,"column":14}}},"fnMap":{"0":{"name":"(anonymous_0)","decl":{"start":{"line":5,"column":17},"end":{"line":5,"column":18}},"loc":{"start":{"line":5,"column":43},"end":{"line":38,"column":1}},"line":5},"1":{"name":"(anonymous_1)","decl":{"start":{"line":12,"column":4},"end":{"line":12,"column":5}},"loc":{"start":{"line":12,"column":29},"end":{"line":15,"column":5}},"line":12}},"branchMap":{},"s":{"0":1,"1":1,"2":1,"3":1,"4":1},"f":{"0":1,"1":1},"b":{},"_coverageSchema":"1a1c01bbd47fc00a2c39e90264f33305004495a9","hash":"4219872c7efed204f2b1d697ec710a37de4d7013"}
,"/Users/dorrr/Desktop/Hacktiv8/Phase 2/IP-HCK65/server/models/index.js": {"path":"/Users/dorrr/Desktop/Hacktiv8/Phase 2/IP-HCK65/server/models/index.js","statementMap":{"0":{"start":{"line":3,"column":11},"end":{"line":3,"column":24}},"1":{"start":{"line":4,"column":13},"end":{"line":4,"column":28}},"2":{"start":{"line":5,"column":18},"end":{"line":5,"column":38}},"3":{"start":{"line":6,"column":16},"end":{"line":6,"column":34}},"4":{"start":{"line":7,"column":17},"end":{"line":7,"column":42}},"5":{"start":{"line":8,"column":12},"end":{"line":8,"column":49}},"6":{"start":{"line":9,"column":15},"end":{"line":9,"column":65}},"7":{"start":{"line":10,"column":11},"end":{"line":10,"column":13}},"8":{"start":{"line":13,"column":0},"end":{"line":17,"column":1}},"9":{"start":{"line":14,"column":2},"end":{"line":14,"column":74}},"10":{"start":{"line":16,"column":2},"end":{"line":16,"column":87}},"11":{"start":{"line":19,"column":0},"end":{"line":32,"column":5}},"12":{"start":{"line":22,"column":4},"end":{"line":27,"column":6}},"13":{"start":{"line":30,"column":18},"end":{"line":30,"column":85}},"14":{"start":{"line":31,"column":4},"end":{"line":31,"column":27}},"15":{"start":{"line":34,"column":0},"end":{"line":38,"column":3}},"16":{"start":{"line":35,"column":2},"end":{"line":37,"column":3}},"17":{"start":{"line":36,"column":4},"end":{"line":36,"column":32}},"18":{"start":{"line":40,"column":0},"end":{"line":40,"column":25}},"19":{"start":{"line":41,"column":0},"end":{"line":41,"column":25}},"20":{"start":{"line":43,"column":0},"end":{"line":43,"column":20}}},"fnMap":{"0":{"name":"(anonymous_0)","decl":{"start":{"line":21,"column":10},"end":{"line":21,"column":11}},"loc":{"start":{"line":21,"column":18},"end":{"line":28,"column":3}},"line":21},"1":{"name":"(anonymous_1)","decl":{"start":{"line":29,"column":11},"end":{"line":29,"column":12}},"loc":{"start":{"line":29,"column":19},"end":{"line":32,"column":3}},"line":29},"2":{"name":"(anonymous_2)","decl":{"start":{"line":34,"column":24},"end":{"line":34,"column":25}},"loc":{"start":{"line":34,"column":37},"end":{"line":38,"column":1}},"line":34}},"branchMap":{"0":{"loc":{"start":{"line":8,"column":12},"end":{"line":8,"column":49}},"type":"binary-expr","locations":[{"start":{"line":8,"column":12},"end":{"line":8,"column":32}},{"start":{"line":8,"column":36},"end":{"line":8,"column":49}}],"line":8},"1":{"loc":{"start":{"line":13,"column":0},"end":{"line":17,"column":1}},"type":"if","locations":[{"start":{"line":13,"column":0},"end":{"line":17,"column":1}},{"start":{"line":15,"column":7},"end":{"line":17,"column":1}}],"line":13},"2":{"loc":{"start":{"line":23,"column":6},"end":{"line":26,"column":37}},"type":"binary-expr","locations":[{"start":{"line":23,"column":6},"end":{"line":23,"column":29}},{"start":{"line":24,"column":6},"end":{"line":24,"column":23}},{"start":{"line":25,"column":6},"end":{"line":25,"column":30}},{"start":{"line":26,"column":6},"end":{"line":26,"column":37}}],"line":23},"3":{"loc":{"start":{"line":35,"column":2},"end":{"line":37,"column":3}},"type":"if","locations":[{"start":{"line":35,"column":2},"end":{"line":37,"column":3}},{"start":{},"end":{}}],"line":35}},"s":{"0":1,"1":1,"2":1,"3":1,"4":1,"5":1,"6":1,"7":1,"8":1,"9":0,"10":1,"11":1,"12":3,"13":2,"14":2,"15":1,"16":2,"17":2,"18":1,"19":1,"20":1},"f":{"0":3,"1":2,"2":2},"b":{"0":[1,0],"1":[0,1],"2":[3,3,2,2],"3":[2,0]},"_coverageSchema":"1a1c01bbd47fc00a2c39e90264f33305004495a9","hash":"02697f8d05cfa7e85531ec9f31d47db45dcf0c8a"}
,"/Users/dorrr/Desktop/Hacktiv8/Phase 2/IP-HCK65/server/models/user.js": {"path":"/Users/dorrr/Desktop/Hacktiv8/Phase 2/IP-HCK65/server/models/user.js","statementMap":{"0":{"start":{"line":4,"column":4},"end":{"line":4,"column":24}},"1":{"start":{"line":5,"column":0},"end":{"line":78,"column":2}},"2":{"start":{"line":14,"column":6},"end":{"line":14,"column":56}},"3":{"start":{"line":17,"column":2},"end":{"line":75,"column":5}},"4":{"start":{"line":77,"column":2},"end":{"line":77,"column":14}}},"fnMap":{"0":{"name":"(anonymous_0)","decl":{"start":{"line":5,"column":17},"end":{"line":5,"column":18}},"loc":{"start":{"line":5,"column":43},"end":{"line":78,"column":1}},"line":5},"1":{"name":"(anonymous_1)","decl":{"start":{"line":12,"column":4},"end":{"line":12,"column":5}},"loc":{"start":{"line":12,"column":29},"end":{"line":15,"column":5}},"line":12}},"branchMap":{},"s":{"0":1,"1":1,"2":1,"3":1,"4":1},"f":{"0":1,"1":1},"b":{},"_coverageSchema":"1a1c01bbd47fc00a2c39e90264f33305004495a9","hash":"9817770f7e09201fc19465817c352e295c69a2d0"}
,"/Users/dorrr/Desktop/Hacktiv8/Phase 2/IP-HCK65/server/routers/cats.js": {"path":"/Users/dorrr/Desktop/Hacktiv8/Phase 2/IP-HCK65/server/routers/cats.js","statementMap":{"0":{"start":{"line":1,"column":16},"end":{"line":1,"column":34}},"1":{"start":{"line":2,"column":19},"end":{"line":2,"column":55}},"2":{"start":{"line":3,"column":21},"end":{"line":3,"column":61}},"3":{"start":{"line":4,"column":13},"end":{"line":4,"column":29}},"4":{"start":{"line":6,"column":0},"end":{"line":6,"column":37}},"5":{"start":{"line":8,"column":0},"end":{"line":8,"column":22}},"6":{"start":{"line":10,"column":0},"end":{"line":10,"column":38}},"7":{"start":{"line":11,"column":0},"end":{"line":11,"column":46}},"8":{"start":{"line":12,"column":0},"end":{"line":12,"column":54}},"9":{"start":{"line":14,"column":0},"end":{"line":14,"column":21}}},"fnMap":{},"branchMap":{},"s":{"0":1,"1":1,"2":1,"3":1,"4":1,"5":1,"6":1,"7":1,"8":1,"9":1},"f":{},"b":{},"_coverageSchema":"1a1c01bbd47fc00a2c39e90264f33305004495a9","hash":"6e62051092204d840a4bd08a12fff0fd5cac4926"}
,"/Users/dorrr/Desktop/Hacktiv8/Phase 2/IP-HCK65/server/routers/index.js": {"path":"/Users/dorrr/Desktop/Hacktiv8/Phase 2/IP-HCK65/server/routers/index.js","statementMap":{"0":{"start":{"line":1,"column":16},"end":{"line":1,"column":34}},"1":{"start":{"line":2,"column":14},"end":{"line":2,"column":32}},"2":{"start":{"line":3,"column":13},"end":{"line":3,"column":30}},"3":{"start":{"line":4,"column":15},"end":{"line":4,"column":31}},"4":{"start":{"line":6,"column":0},"end":{"line":6,"column":27}},"5":{"start":{"line":7,"column":0},"end":{"line":7,"column":25}},"6":{"start":{"line":9,"column":0},"end":{"line":9,"column":23}}},"fnMap":{},"branchMap":{},"s":{"0":1,"1":1,"2":1,"3":1,"4":1,"5":1,"6":1},"f":{},"b":{},"_coverageSchema":"1a1c01bbd47fc00a2c39e90264f33305004495a9","hash":"c3408f76194b50db748926b99314c5070533523b"}
,"/Users/dorrr/Desktop/Hacktiv8/Phase 2/IP-HCK65/server/routers/users.js": {"path":"/Users/dorrr/Desktop/Hacktiv8/Phase 2/IP-HCK65/server/routers/users.js","statementMap":{"0":{"start":{"line":1,"column":16},"end":{"line":1,"column":34}},"1":{"start":{"line":2,"column":19},"end":{"line":2,"column":55}},"2":{"start":{"line":3,"column":21},"end":{"line":3,"column":61}},"3":{"start":{"line":4,"column":22},"end":{"line":4,"column":61}},"4":{"start":{"line":5,"column":14},"end":{"line":5,"column":30}},"5":{"start":{"line":7,"column":0},"end":{"line":7,"column":42}},"6":{"start":{"line":8,"column":0},"end":{"line":8,"column":48}},"7":{"start":{"line":9,"column":0},"end":{"line":9,"column":51}},"8":{"start":{"line":11,"column":0},"end":{"line":11,"column":23}},"9":{"start":{"line":13,"column":0},"end":{"line":13,"column":73}},"10":{"start":{"line":15,"column":0},"end":{"line":15,"column":22}}},"fnMap":{},"branchMap":{},"s":{"0":1,"1":1,"2":1,"3":1,"4":1,"5":1,"6":1,"7":1,"8":1,"9":1,"10":1},"f":{},"b":{},"_coverageSchema":"1a1c01bbd47fc00a2c39e90264f33305004495a9","hash":"79c15abe89dd6ae7df25ecc014500fa5223c143d"}
}
