{"total": {"lines":{"total":265,"covered":222,"skipped":0,"pct":83.77},"statements":{"total":279,"covered":230,"skipped":0,"pct":82.43},"functions":{"total":32,"covered":30,"skipped":0,"pct":93.75},"branches":{"total":72,"covered":50,"skipped":0,"pct":69.44},"branchesTrue":{"total":0,"covered":0,"skipped":0,"pct":100}}
,"/Users/dorrr/Desktop/Hacktiv8/Phase 2/IP-HCK65/server/app.js": {"lines":{"total":13,"covered":13,"skipped":0,"pct":100},"functions":{"total":0,"covered":0,"skipped":0,"pct":100},"statements":{"total":13,"covered":13,"skipped":0,"pct":100},"branches":{"total":2,"covered":1,"skipped":0,"pct":50}}
,"/Users/dorrr/Desktop/Hacktiv8/Phase 2/IP-HCK65/server/controllers/controller.js": {"lines":{"total":111,"covered":72,"skipped":0,"pct":64.86},"functions":{"total":13,"covered":11,"skipped":0,"pct":84.61},"statements":{"total":118,"covered":76,"skipped":0,"pct":64.4},"branches":{"total":33,"covered":22,"skipped":0,"pct":66.66}}
,"/Users/dorrr/Desktop/Hacktiv8/Phase 2/IP-HCK65/server/helpers/bcrypt.js": {"lines":{"total":5,"covered":5,"skipped":0,"pct":100},"functions":{"total":2,"covered":2,"skipped":0,"pct":100},"statements":{"total":5,"covered":5,"skipped":0,"pct":100},"branches":{"total":0,"covered":0,"skipped":0,"pct":100}}
,"/Users/dorrr/Desktop/Hacktiv8/Phase 2/IP-HCK65/server/helpers/jwt.js": {"lines":{"total":5,"covered":5,"skipped":0,"pct":100},"functions":{"total":2,"covered":2,"skipped":0,"pct":100},"statements":{"total":5,"covered":5,"skipped":0,"pct":100},"branches":{"total":0,"covered":0,"skipped":0,"pct":100}}
,"/Users/dorrr/Desktop/Hacktiv8/Phase 2/IP-HCK65/server/middlewares/authentication.js": {"lines":{"total":17,"covered":17,"skipped":0,"pct":100},"functions":{"total":2,"covered":2,"skipped":0,"pct":100},"statements":{"total":22,"covered":19,"skipped":0,"pct":86.36},"branches":{"total":10,"covered":6,"skipped":0,"pct":60}}
,"/Users/dorrr/Desktop/Hacktiv8/Phase 2/IP-HCK65/server/middlewares/authorization.js": {"lines":{"total":11,"covered":11,"skipped":0,"pct":100},"functions":{"total":2,"covered":2,"skipped":0,"pct":100},"statements":{"total":13,"covered":13,"skipped":0,"pct":100},"branches":{"total":4,"covered":3,"skipped":0,"pct":75}}
,"/Users/dorrr/Desktop/Hacktiv8/Phase 2/IP-HCK65/server/middlewares/errorHandlers.js": {"lines":{"total":23,"covered":20,"skipped":0,"pct":86.95},"functions":{"total":1,"covered":1,"skipped":0,"pct":100},"statements":{"total":23,"covered":20,"skipped":0,"pct":86.95},"branches":{"total":13,"covered":11,"skipped":0,"pct":84.61}}
,"/Users/dorrr/Desktop/Hacktiv8/Phase 2/IP-HCK65/server/models/cats.js": {"lines":{"total":5,"covered":5,"skipped":0,"pct":100},"functions":{"total":2,"covered":2,"skipped":0,"pct":100},"statements":{"total":5,"covered":5,"skipped":0,"pct":100},"branches":{"total":0,"covered":0,"skipped":0,"pct":100}}
,"/Users/dorrr/Desktop/Hacktiv8/Phase 2/IP-HCK65/server/models/index.js": {"lines":{"total":21,"covered":20,"skipped":0,"pct":95.23},"functions":{"total":3,"covered":3,"skipped":0,"pct":100},"statements":{"total":21,"covered":20,"skipped":0,"pct":95.23},"branches":{"total":10,"covered":7,"skipped":0,"pct":70}}
,"/Users/dorrr/Desktop/Hacktiv8/Phase 2/IP-HCK65/server/models/order.js": {"lines":{"total":5,"covered":5,"skipped":0,"pct":100},"functions":{"total":2,"covered":2,"skipped":0,"pct":100},"statements":{"total":5,"covered":5,"skipped":0,"pct":100},"branches":{"total":0,"covered":0,"skipped":0,"pct":100}}
,"/Users/dorrr/Desktop/Hacktiv8/Phase 2/IP-HCK65/server/models/user.js": {"lines":{"total":10,"covered":10,"skipped":0,"pct":100},"functions":{"total":3,"covered":3,"skipped":0,"pct":100},"statements":{"total":10,"covered":10,"skipped":0,"pct":100},"branches":{"total":0,"covered":0,"skipped":0,"pct":100}}
,"/Users/dorrr/Desktop/Hacktiv8/Phase 2/IP-HCK65/server/routers/cats.js": {"lines":{"total":10,"covered":10,"skipped":0,"pct":100},"functions":{"total":0,"covered":0,"skipped":0,"pct":100},"statements":{"total":10,"covered":10,"skipped":0,"pct":100},"branches":{"total":0,"covered":0,"skipped":0,"pct":100}}
,"/Users/dorrr/Desktop/Hacktiv8/Phase 2/IP-HCK65/server/routers/index.js": {"lines":{"total":9,"covered":9,"skipped":0,"pct":100},"functions":{"total":0,"covered":0,"skipped":0,"pct":100},"statements":{"total":9,"covered":9,"skipped":0,"pct":100},"branches":{"total":0,"covered":0,"skipped":0,"pct":100}}
,"/Users/dorrr/Desktop/Hacktiv8/Phase 2/IP-HCK65/server/routers/payments.js": {"lines":{"total":7,"covered":7,"skipped":0,"pct":100},"functions":{"total":0,"covered":0,"skipped":0,"pct":100},"statements":{"total":7,"covered":7,"skipped":0,"pct":100},"branches":{"total":0,"covered":0,"skipped":0,"pct":100}}
,"/Users/dorrr/Desktop/Hacktiv8/Phase 2/IP-HCK65/server/routers/users.js": {"lines":{"total":13,"covered":13,"skipped":0,"pct":100},"functions":{"total":0,"covered":0,"skipped":0,"pct":100},"statements":{"total":13,"covered":13,"skipped":0,"pct":100},"branches":{"total":0,"covered":0,"skipped":0,"pct":100}}
}
