{"/Users/dorrr/Desktop/Hacktiv8/Phase 2/IP-HCK65/server/app.js": {"path":"/Users/dorrr/Desktop/Hacktiv8/Phase 2/IP-HCK65/server/app.js","statementMap":{"0":{"start":{"line":1,"column":0},"end":{"line":3,"column":1}},"1":{"start":{"line":2,"column":1},"end":{"line":2,"column":28}},"2":{"start":{"line":5,"column":13},"end":{"line":5,"column":28}},"3":{"start":{"line":7,"column":16},"end":{"line":7,"column":34}},"4":{"start":{"line":8,"column":15},"end":{"line":8,"column":35}},"5":{"start":{"line":9,"column":22},"end":{"line":9,"column":60}},"6":{"start":{"line":11,"column":12},"end":{"line":11,"column":21}},"7":{"start":{"line":14,"column":0},"end":{"line":14,"column":47}},"8":{"start":{"line":15,"column":0},"end":{"line":15,"column":15}},"9":{"start":{"line":16,"column":0},"end":{"line":16,"column":23}},"10":{"start":{"line":19,"column":0},"end":{"line":19,"column":15}},"11":{"start":{"line":21,"column":0},"end":{"line":21,"column":22}},"12":{"start":{"line":27,"column":0},"end":{"line":27,"column":20}}},"fnMap":{},"branchMap":{"0":{"loc":{"start":{"line":1,"column":0},"end":{"line":3,"column":1}},"type":"if","locations":[{"start":{"line":1,"column":0},"end":{"line":3,"column":1}},{"start":{},"end":{}}],"line":1}},"s":{"0":1,"1":1,"2":1,"3":1,"4":1,"5":1,"6":1,"7":1,"8":1,"9":1,"10":1,"11":1,"12":1},"f":{},"b":{"0":[1,0]},"_coverageSchema":"1a1c01bbd47fc00a2c39e90264f33305004495a9","hash":"287d651a9fdeeb63c704a2773f72cf96ae807078"}
,"/Users/dorrr/Desktop/Hacktiv8/Phase 2/IP-HCK65/server/controllers/controller.js": {"path":"/Users/dorrr/Desktop/Hacktiv8/Phase 2/IP-HCK65/server/controllers/controller.js","statementMap":{"0":{"start":{"line":1,"column":30},"end":{"line":1,"column":50}},"1":{"start":{"line":2,"column":28},"end":{"line":2,"column":56}},"2":{"start":{"line":3,"column":22},"end":{"line":3,"column":47}},"3":{"start":{"line":4,"column":14},"end":{"line":4,"column":30}},"4":{"start":{"line":5,"column":19},"end":{"line":5,"column":40}},"5":{"start":{"line":6,"column":25},"end":{"line":6,"column":55}},"6":{"start":{"line":7,"column":15},"end":{"line":7,"column":33}},"7":{"start":{"line":9,"column":23},"end":{"line":9,"column":49}},"8":{"start":{"line":11,"column":0},"end":{"line":415,"column":68}},"9":{"start":{"line":16,"column":8},"end":{"line":46,"column":9}},"10":{"start":{"line":17,"column":37},"end":{"line":17,"column":45}},"11":{"start":{"line":19,"column":27},"end":{"line":22,"column":14}},"12":{"start":{"line":23,"column":28},"end":{"line":23,"column":47}},"13":{"start":{"line":25,"column":36},"end":{"line":32,"column":14}},"14":{"start":{"line":33,"column":33},"end":{"line":33,"column":59}},"15":{"start":{"line":35,"column":12},"end":{"line":41,"column":14}},"16":{"start":{"line":43,"column":32},"end":{"line":43,"column":88}},"17":{"start":{"line":44,"column":12},"end":{"line":44,"column":23}},"18":{"start":{"line":50,"column":8},"end":{"line":75,"column":9}},"19":{"start":{"line":51,"column":40},"end":{"line":51,"column":48}},"20":{"start":{"line":53,"column":12},"end":{"line":53,"column":65}},"21":{"start":{"line":53,"column":37},"end":{"line":53,"column":65}},"22":{"start":{"line":55,"column":25},"end":{"line":59,"column":14}},"23":{"start":{"line":61,"column":12},"end":{"line":61,"column":53}},"24":{"start":{"line":61,"column":23},"end":{"line":61,"column":53}},"25":{"start":{"line":63,"column":38},"end":{"line":63,"column":78}},"26":{"start":{"line":66,"column":12},"end":{"line":66,"column":66}},"27":{"start":{"line":66,"column":36},"end":{"line":66,"column":66}},"28":{"start":{"line":68,"column":33},"end":{"line":68,"column":59}},"29":{"start":{"line":70,"column":12},"end":{"line":70,"column":50}},"30":{"start":{"line":73,"column":32},"end":{"line":73,"column":88}},"31":{"start":{"line":74,"column":12},"end":{"line":74,"column":23}},"32":{"start":{"line":80,"column":8},"end":{"line":131,"column":9}},"33":{"start":{"line":81,"column":50},"end":{"line":81,"column":58}},"34":{"start":{"line":83,"column":12},"end":{"line":87,"column":13}},"35":{"start":{"line":84,"column":16},"end":{"line":86,"column":18}},"36":{"start":{"line":89,"column":25},"end":{"line":93,"column":14}},"37":{"start":{"line":95,"column":12},"end":{"line":95,"column":65}},"38":{"start":{"line":95,"column":23},"end":{"line":95,"column":65}},"39":{"start":{"line":97,"column":12},"end":{"line":97,"column":68}},"40":{"start":{"line":99,"column":32},"end":{"line":105,"column":14}},"41":{"start":{"line":111,"column":29},"end":{"line":117,"column":18}},"42":{"start":{"line":119,"column":36},"end":{"line":119,"column":123}},"43":{"start":{"line":122,"column":12},"end":{"line":122,"column":40}},"44":{"start":{"line":126,"column":32},"end":{"line":126,"column":90}},"45":{"start":{"line":129,"column":12},"end":{"line":129,"column":23}},"46":{"start":{"line":137,"column":8},"end":{"line":156,"column":9}},"47":{"start":{"line":139,"column":29},"end":{"line":143,"column":14}},"48":{"start":{"line":147,"column":29},"end":{"line":147,"column":33}},"49":{"start":{"line":149,"column":12},"end":{"line":149,"column":42}},"50":{"start":{"line":153,"column":32},"end":{"line":153,"column":90}},"51":{"start":{"line":161,"column":8},"end":{"line":205,"column":9}},"52":{"start":{"line":163,"column":28},"end":{"line":163,"column":36}},"53":{"start":{"line":172,"column":31},"end":{"line":176,"column":14}},"54":{"start":{"line":178,"column":12},"end":{"line":194,"column":13}},"55":{"start":{"line":179,"column":29},"end":{"line":182,"column":18}},"56":{"start":{"line":184,"column":16},"end":{"line":188,"column":17}},"57":{"start":{"line":185,"column":20},"end":{"line":187,"column":22}},"58":{"start":{"line":191,"column":16},"end":{"line":193,"column":18}},"59":{"start":{"line":199,"column":12},"end":{"line":199,"column":84}},"60":{"start":{"line":202,"column":32},"end":{"line":202,"column":90}},"61":{"start":{"line":203,"column":12},"end":{"line":203,"column":23}},"62":{"start":{"line":210,"column":8},"end":{"line":231,"column":9}},"63":{"start":{"line":211,"column":29},"end":{"line":215,"column":14}},"64":{"start":{"line":225,"column":12},"end":{"line":225,"column":42}},"65":{"start":{"line":228,"column":32},"end":{"line":228,"column":90}},"66":{"start":{"line":229,"column":12},"end":{"line":229,"column":23}},"67":{"start":{"line":235,"column":8},"end":{"line":254,"column":9}},"68":{"start":{"line":236,"column":27},"end":{"line":236,"column":37}},"69":{"start":{"line":238,"column":32},"end":{"line":243,"column":14}},"70":{"start":{"line":245,"column":12},"end":{"line":249,"column":13}},"71":{"start":{"line":246,"column":16},"end":{"line":246,"column":87}},"72":{"start":{"line":248,"column":16},"end":{"line":248,"column":102}},"73":{"start":{"line":251,"column":32},"end":{"line":251,"column":90}},"74":{"start":{"line":253,"column":12},"end":{"line":253,"column":23}},"75":{"start":{"line":258,"column":8},"end":{"line":286,"column":9}},"76":{"start":{"line":259,"column":27},"end":{"line":259,"column":37}},"77":{"start":{"line":261,"column":29},"end":{"line":261,"column":52}},"78":{"start":{"line":263,"column":12},"end":{"line":263,"column":53}},"79":{"start":{"line":263,"column":27},"end":{"line":263,"column":53}},"80":{"start":{"line":265,"column":33},"end":{"line":265,"column":41}},"81":{"start":{"line":267,"column":12},"end":{"line":271,"column":13}},"82":{"start":{"line":268,"column":16},"end":{"line":270,"column":18}},"83":{"start":{"line":273,"column":12},"end":{"line":275,"column":14}},"84":{"start":{"line":281,"column":12},"end":{"line":281,"column":61}},"85":{"start":{"line":283,"column":32},"end":{"line":283,"column":90}},"86":{"start":{"line":284,"column":12},"end":{"line":284,"column":23}},"87":{"start":{"line":290,"column":8},"end":{"line":323,"column":9}},"88":{"start":{"line":291,"column":25},"end":{"line":294,"column":14}},"89":{"start":{"line":295,"column":28},"end":{"line":295,"column":50}},"90":{"start":{"line":297,"column":35},"end":{"line":297,"column":40}},"91":{"start":{"line":299,"column":32},"end":{"line":304,"column":14}},"92":{"start":{"line":306,"column":30},"end":{"line":317,"column":14}},"93":{"start":{"line":320,"column":12},"end":{"line":320,"column":59}},"94":{"start":{"line":322,"column":32},"end":{"line":322,"column":90}},"95":{"start":{"line":327,"column":24},"end":{"line":327,"column":40}},"96":{"start":{"line":329,"column":8},"end":{"line":385,"column":9}},"97":{"start":{"line":333,"column":26},"end":{"line":337,"column":14}},"98":{"start":{"line":339,"column":12},"end":{"line":339,"column":50}},"99":{"start":{"line":339,"column":24},"end":{"line":339,"column":50}},"100":{"start":{"line":341,"column":30},"end":{"line":341,"column":93}},"101":{"start":{"line":343,"column":29},"end":{"line":347,"column":14}},"102":{"start":{"line":361,"column":12},"end":{"line":364,"column":14}},"103":{"start":{"line":366,"column":32},"end":{"line":370,"column":14}},"104":{"start":{"line":372,"column":12},"end":{"line":374,"column":14}},"105":{"start":{"line":376,"column":32},"end":{"line":376,"column":111}},"106":{"start":{"line":378,"column":12},"end":{"line":380,"column":14}},"107":{"start":{"line":383,"column":32},"end":{"line":383,"column":90}},"108":{"start":{"line":384,"column":12},"end":{"line":384,"column":23}},"109":{"start":{"line":389,"column":8},"end":{"line":406,"column":9}},"110":{"start":{"line":390,"column":27},"end":{"line":390,"column":35}},"111":{"start":{"line":392,"column":32},"end":{"line":396,"column":14}},"112":{"start":{"line":398,"column":12},"end":{"line":402,"column":14}},"113":{"start":{"line":404,"column":32},"end":{"line":404,"column":90}},"114":{"start":{"line":405,"column":12},"end":{"line":405,"column":23}},"115":{"start":{"line":415,"column":85},"end":{"line":415,"column":37424}},"116":{"start":{"line":415,"column":89},"end":{"line":415,"column":37413}}},"fnMap":{"0":{"name":"(anonymous_0)","decl":{"start":{"line":15,"column":4},"end":{"line":15,"column":5}},"loc":{"start":{"line":15,"column":45},"end":{"line":47,"column":5}},"line":15},"1":{"name":"(anonymous_1)","decl":{"start":{"line":49,"column":4},"end":{"line":49,"column":5}},"loc":{"start":{"line":49,"column":43},"end":{"line":76,"column":5}},"line":49},"2":{"name":"(anonymous_2)","decl":{"start":{"line":78,"column":4},"end":{"line":78,"column":5}},"loc":{"start":{"line":78,"column":46},"end":{"line":132,"column":5}},"line":78},"3":{"name":"main","decl":{"start":{"line":109,"column":27},"end":{"line":109,"column":31}},"loc":{"start":{"line":109,"column":34},"end":{"line":120,"column":13}},"line":109},"4":{"name":"(anonymous_4)","decl":{"start":{"line":136,"column":4},"end":{"line":136,"column":5}},"loc":{"start":{"line":136,"column":39},"end":{"line":157,"column":5}},"line":136},"5":{"name":"(anonymous_5)","decl":{"start":{"line":159,"column":4},"end":{"line":159,"column":5}},"loc":{"start":{"line":159,"column":41},"end":{"line":206,"column":5}},"line":159},"6":{"name":"(anonymous_6)","decl":{"start":{"line":208,"column":4},"end":{"line":208,"column":5}},"loc":{"start":{"line":208,"column":45},"end":{"line":232,"column":5}},"line":208},"7":{"name":"(anonymous_7)","decl":{"start":{"line":234,"column":4},"end":{"line":234,"column":5}},"loc":{"start":{"line":234,"column":47},"end":{"line":255,"column":5}},"line":234},"8":{"name":"(anonymous_8)","decl":{"start":{"line":257,"column":4},"end":{"line":257,"column":5}},"loc":{"start":{"line":257,"column":45},"end":{"line":287,"column":5}},"line":257},"9":{"name":"(anonymous_9)","decl":{"start":{"line":289,"column":4},"end":{"line":289,"column":5}},"loc":{"start":{"line":289,"column":50},"end":{"line":324,"column":5}},"line":289},"10":{"name":"(anonymous_10)","decl":{"start":{"line":326,"column":4},"end":{"line":326,"column":5}},"loc":{"start":{"line":326,"column":48},"end":{"line":386,"column":5}},"line":326},"11":{"name":"(anonymous_11)","decl":{"start":{"line":388,"column":4},"end":{"line":388,"column":5}},"loc":{"start":{"line":388,"column":45},"end":{"line":407,"column":5}},"line":388},"12":{"name":"oo_cm","decl":{"start":{"line":415,"column":77},"end":{"line":415,"column":82}},"loc":{"start":{"line":415,"column":84},"end":{"line":415,"column":37425}},"line":415}},"branchMap":{"0":{"loc":{"start":{"line":35,"column":23},"end":{"line":35,"column":42}},"type":"cond-expr","locations":[{"start":{"line":35,"column":33},"end":{"line":35,"column":36}},{"start":{"line":35,"column":39},"end":{"line":35,"column":42}}],"line":35},"1":{"loc":{"start":{"line":53,"column":12},"end":{"line":53,"column":65}},"type":"if","locations":[{"start":{"line":53,"column":12},"end":{"line":53,"column":65}},{"start":{},"end":{}}],"line":53},"2":{"loc":{"start":{"line":53,"column":16},"end":{"line":53,"column":35}},"type":"binary-expr","locations":[{"start":{"line":53,"column":16},"end":{"line":53,"column":22}},{"start":{"line":53,"column":26},"end":{"line":53,"column":35}}],"line":53},"3":{"loc":{"start":{"line":61,"column":12},"end":{"line":61,"column":53}},"type":"if","locations":[{"start":{"line":61,"column":12},"end":{"line":61,"column":53}},{"start":{},"end":{}}],"line":61},"4":{"loc":{"start":{"line":66,"column":12},"end":{"line":66,"column":66}},"type":"if","locations":[{"start":{"line":66,"column":12},"end":{"line":66,"column":66}},{"start":{},"end":{}}],"line":66},"5":{"loc":{"start":{"line":83,"column":12},"end":{"line":87,"column":13}},"type":"if","locations":[{"start":{"line":83,"column":12},"end":{"line":87,"column":13}},{"start":{},"end":{}}],"line":83},"6":{"loc":{"start":{"line":83,"column":16},"end":{"line":83,"column":48}},"type":"binary-expr","locations":[{"start":{"line":83,"column":16},"end":{"line":83,"column":25}},{"start":{"line":83,"column":29},"end":{"line":83,"column":35}},{"start":{"line":83,"column":39},"end":{"line":83,"column":48}}],"line":83},"7":{"loc":{"start":{"line":95,"column":12},"end":{"line":95,"column":65}},"type":"if","locations":[{"start":{"line":95,"column":12},"end":{"line":95,"column":65}},{"start":{},"end":{}}],"line":95},"8":{"loc":{"start":{"line":178,"column":12},"end":{"line":194,"column":13}},"type":"if","locations":[{"start":{"line":178,"column":12},"end":{"line":194,"column":13}},{"start":{"line":190,"column":19},"end":{"line":194,"column":13}}],"line":178},"9":{"loc":{"start":{"line":184,"column":16},"end":{"line":188,"column":17}},"type":"if","locations":[{"start":{"line":184,"column":16},"end":{"line":188,"column":17}},{"start":{},"end":{}}],"line":184},"10":{"loc":{"start":{"line":245,"column":12},"end":{"line":249,"column":13}},"type":"if","locations":[{"start":{"line":245,"column":12},"end":{"line":249,"column":13}},{"start":{"line":247,"column":19},"end":{"line":249,"column":13}}],"line":245},"11":{"loc":{"start":{"line":263,"column":12},"end":{"line":263,"column":53}},"type":"if","locations":[{"start":{"line":263,"column":12},"end":{"line":263,"column":53}},{"start":{},"end":{}}],"line":263},"12":{"loc":{"start":{"line":267,"column":12},"end":{"line":271,"column":13}},"type":"if","locations":[{"start":{"line":267,"column":12},"end":{"line":271,"column":13}},{"start":{},"end":{}}],"line":267},"13":{"loc":{"start":{"line":339,"column":12},"end":{"line":339,"column":50}},"type":"if","locations":[{"start":{"line":339,"column":12},"end":{"line":339,"column":50}},{"start":{},"end":{}}],"line":339},"14":{"loc":{"start":{"line":415,"column":96},"end":{"line":415,"column":37412}},"type":"binary-expr","locations":[{"start":{"line":415,"column":96},"end":{"line":415,"column":133}},{"start":{"line":415,"column":137},"end":{"line":415,"column":37412}}],"line":415}},"s":{"0":1,"1":1,"2":1,"3":1,"4":1,"5":1,"6":1,"7":1,"8":1,"9":1,"10":1,"11":1,"12":0,"13":0,"14":0,"15":0,"16":1,"17":1,"18":7,"19":7,"20":7,"21":4,"22":3,"23":3,"24":1,"25":2,"26":2,"27":1,"28":1,"29":1,"30":6,"31":6,"32":5,"33":5,"34":5,"35":4,"36":1,"37":1,"38":0,"39":1,"40":1,"41":1,"42":0,"43":1,"44":0,"45":0,"46":1,"47":1,"48":1,"49":1,"50":0,"51":1,"52":1,"53":1,"54":0,"55":0,"56":0,"57":0,"58":0,"59":0,"60":1,"61":1,"62":0,"63":0,"64":0,"65":0,"66":0,"67":1,"68":1,"69":1,"70":1,"71":1,"72":0,"73":0,"74":0,"75":2,"76":2,"77":2,"78":2,"79":0,"80":2,"81":2,"82":1,"83":1,"84":0,"85":1,"86":1,"87":0,"88":0,"89":0,"90":0,"91":0,"92":0,"93":0,"94":0,"95":1,"96":1,"97":1,"98":1,"99":0,"100":1,"101":1,"102":1,"103":1,"104":1,"105":1,"106":1,"107":0,"108":0,"109":1,"110":1,"111":1,"112":1,"113":0,"114":0,"115":10,"116":10},"f":{"0":1,"1":7,"2":5,"3":1,"4":1,"5":1,"6":0,"7":1,"8":2,"9":0,"10":1,"11":1,"12":10},"b":{"0":[0,0],"1":[4,3],"2":[7,5],"3":[1,2],"4":[1,1],"5":[4,1],"6":[5,4,3],"7":[0,1],"8":[0,0],"9":[0,0],"10":[1,0],"11":[0,2],"12":[1,1],"13":[0,1],"14":[10,1]},"_coverageSchema":"1a1c01bbd47fc00a2c39e90264f33305004495a9","hash":"4f9ace54a4fca1853965be6df19c8ac6283b105d"}
,"/Users/dorrr/Desktop/Hacktiv8/Phase 2/IP-HCK65/server/helpers/bcrypt.js": {"path":"/Users/dorrr/Desktop/Hacktiv8/Phase 2/IP-HCK65/server/helpers/bcrypt.js","statementMap":{"0":{"start":{"line":1,"column":15},"end":{"line":1,"column":34}},"1":{"start":{"line":2,"column":13},"end":{"line":2,"column":35}},"2":{"start":{"line":5,"column":4},"end":{"line":5,"column":43}},"3":{"start":{"line":9,"column":4},"end":{"line":9,"column":56}},"4":{"start":{"line":12,"column":0},"end":{"line":15,"column":1}}},"fnMap":{"0":{"name":"hashPassword","decl":{"start":{"line":4,"column":9},"end":{"line":4,"column":21}},"loc":{"start":{"line":4,"column":33},"end":{"line":6,"column":1}},"line":4},"1":{"name":"comparePassword","decl":{"start":{"line":8,"column":9},"end":{"line":8,"column":24}},"loc":{"start":{"line":8,"column":52},"end":{"line":10,"column":1}},"line":8}},"branchMap":{},"s":{"0":1,"1":1,"2":3,"3":2,"4":1},"f":{"0":3,"1":2},"b":{},"_coverageSchema":"1a1c01bbd47fc00a2c39e90264f33305004495a9","hash":"8b3abc1262335b84cceed7a21ade0a46e98747be"}
,"/Users/dorrr/Desktop/Hacktiv8/Phase 2/IP-HCK65/server/helpers/jwt.js": {"path":"/Users/dorrr/Desktop/Hacktiv8/Phase 2/IP-HCK65/server/helpers/jwt.js","statementMap":{"0":{"start":{"line":1,"column":12},"end":{"line":1,"column":35}},"1":{"start":{"line":2,"column":15},"end":{"line":2,"column":37}},"2":{"start":{"line":5,"column":4},"end":{"line":5,"column":34}},"3":{"start":{"line":9,"column":4},"end":{"line":9,"column":36}},"4":{"start":{"line":12,"column":0},"end":{"line":15,"column":1}}},"fnMap":{"0":{"name":"signToken","decl":{"start":{"line":4,"column":9},"end":{"line":4,"column":18}},"loc":{"start":{"line":4,"column":26},"end":{"line":6,"column":1}},"line":4},"1":{"name":"verifyToken","decl":{"start":{"line":8,"column":9},"end":{"line":8,"column":20}},"loc":{"start":{"line":8,"column":28},"end":{"line":10,"column":1}},"line":8}},"branchMap":{},"s":{"0":1,"1":1,"2":2,"3":7,"4":1},"f":{"0":2,"1":7},"b":{},"_coverageSchema":"1a1c01bbd47fc00a2c39e90264f33305004495a9","hash":"e3751e0eccd690f84cb9995c75f86d911dcb4be1"}
,"/Users/dorrr/Desktop/Hacktiv8/Phase 2/IP-HCK65/server/middlewares/authentication.js": {"path":"/Users/dorrr/Desktop/Hacktiv8/Phase 2/IP-HCK65/server/middlewares/authentication.js","statementMap":{"0":{"start":{"line":1,"column":24},"end":{"line":1,"column":49}},"1":{"start":{"line":2,"column":17},"end":{"line":2,"column":37}},"2":{"start":{"line":4,"column":4},"end":{"line":29,"column":5}},"3":{"start":{"line":6,"column":20},"end":{"line":6,"column":45}},"4":{"start":{"line":8,"column":8},"end":{"line":8,"column":50}},"5":{"start":{"line":8,"column":20},"end":{"line":8,"column":50}},"6":{"start":{"line":10,"column":8},"end":{"line":10,"column":75}},"7":{"start":{"line":10,"column":45},"end":{"line":10,"column":75}},"8":{"start":{"line":12,"column":8},"end":{"line":12,"column":30}},"9":{"start":{"line":14,"column":24},"end":{"line":14,"column":42}},"10":{"start":{"line":16,"column":8},"end":{"line":16,"column":49}},"11":{"start":{"line":16,"column":21},"end":{"line":16,"column":49}},"12":{"start":{"line":18,"column":21},"end":{"line":18,"column":52}},"13":{"start":{"line":20,"column":8},"end":{"line":20,"column":46}},"14":{"start":{"line":20,"column":18},"end":{"line":20,"column":46}},"15":{"start":{"line":22,"column":8},"end":{"line":22,"column":23}},"16":{"start":{"line":24,"column":8},"end":{"line":24,"column":14}},"17":{"start":{"line":27,"column":28},"end":{"line":27,"column":83}},"18":{"start":{"line":28,"column":8},"end":{"line":28,"column":19}},"19":{"start":{"line":33,"column":0},"end":{"line":40,"column":68}},"20":{"start":{"line":40,"column":85},"end":{"line":40,"column":37424}},"21":{"start":{"line":40,"column":89},"end":{"line":40,"column":37413}}},"fnMap":{"0":{"name":"authenticate","decl":{"start":{"line":3,"column":15},"end":{"line":3,"column":27}},"loc":{"start":{"line":3,"column":44},"end":{"line":31,"column":1}},"line":3},"1":{"name":"oo_cm","decl":{"start":{"line":40,"column":77},"end":{"line":40,"column":82}},"loc":{"start":{"line":40,"column":84},"end":{"line":40,"column":37425}},"line":40}},"branchMap":{"0":{"loc":{"start":{"line":8,"column":8},"end":{"line":8,"column":50}},"type":"if","locations":[{"start":{"line":8,"column":8},"end":{"line":8,"column":50}},{"start":{},"end":{}}],"line":8},"1":{"loc":{"start":{"line":10,"column":8},"end":{"line":10,"column":75}},"type":"if","locations":[{"start":{"line":10,"column":8},"end":{"line":10,"column":75}},{"start":{},"end":{}}],"line":10},"2":{"loc":{"start":{"line":16,"column":8},"end":{"line":16,"column":49}},"type":"if","locations":[{"start":{"line":16,"column":8},"end":{"line":16,"column":49}},{"start":{},"end":{}}],"line":16},"3":{"loc":{"start":{"line":20,"column":8},"end":{"line":20,"column":46}},"type":"if","locations":[{"start":{"line":20,"column":8},"end":{"line":20,"column":46}},{"start":{},"end":{}}],"line":20},"4":{"loc":{"start":{"line":40,"column":96},"end":{"line":40,"column":37412}},"type":"binary-expr","locations":[{"start":{"line":40,"column":96},"end":{"line":40,"column":133}},{"start":{"line":40,"column":137},"end":{"line":40,"column":37412}}],"line":40}},"s":{"0":1,"1":1,"2":10,"3":10,"4":10,"5":3,"6":7,"7":0,"8":7,"9":7,"10":7,"11":0,"12":7,"13":7,"14":0,"15":7,"16":7,"17":3,"18":3,"19":1,"20":3,"21":3},"f":{"0":10,"1":3},"b":{"0":[3,7],"1":[0,7],"2":[0,7],"3":[0,7],"4":[3,0]},"_coverageSchema":"1a1c01bbd47fc00a2c39e90264f33305004495a9","hash":"7cf89e72d371f1f4e307673494790ba36a194e16"}
,"/Users/dorrr/Desktop/Hacktiv8/Phase 2/IP-HCK65/server/middlewares/authorization.js": {"path":"/Users/dorrr/Desktop/Hacktiv8/Phase 2/IP-HCK65/server/middlewares/authorization.js","statementMap":{"0":{"start":{"line":1,"column":15},"end":{"line":1,"column":35}},"1":{"start":{"line":3,"column":0},"end":{"line":20,"column":1}},"2":{"start":{"line":4,"column":4},"end":{"line":19,"column":5}},"3":{"start":{"line":6,"column":23},"end":{"line":6,"column":33}},"4":{"start":{"line":8,"column":28},"end":{"line":8,"column":51}},"5":{"start":{"line":10,"column":21},"end":{"line":10,"column":32}},"6":{"start":{"line":12,"column":8},"end":{"line":12,"column":64}},"7":{"start":{"line":12,"column":37},"end":{"line":12,"column":64}},"8":{"start":{"line":14,"column":8},"end":{"line":14,"column":14}},"9":{"start":{"line":17,"column":8},"end":{"line":17,"column":27}},"10":{"start":{"line":18,"column":8},"end":{"line":18,"column":19}}},"fnMap":{"0":{"name":"authorization","decl":{"start":{"line":3,"column":32},"end":{"line":3,"column":45}},"loc":{"start":{"line":3,"column":62},"end":{"line":20,"column":1}},"line":3}},"branchMap":{"0":{"loc":{"start":{"line":12,"column":8},"end":{"line":12,"column":64}},"type":"if","locations":[{"start":{"line":12,"column":8},"end":{"line":12,"column":64}},{"start":{},"end":{}}],"line":12}},"s":{"0":1,"1":1,"2":3,"3":3,"4":3,"5":3,"6":3,"7":1,"8":2,"9":1,"10":1},"f":{"0":3},"b":{"0":[1,2]},"_coverageSchema":"1a1c01bbd47fc00a2c39e90264f33305004495a9","hash":"33d9ca7a70eaa04b57eac4a666a4c9fe16abba0c"}
,"/Users/dorrr/Desktop/Hacktiv8/Phase 2/IP-HCK65/server/middlewares/errorHandlers.js": {"path":"/Users/dorrr/Desktop/Hacktiv8/Phase 2/IP-HCK65/server/middlewares/errorHandlers.js","statementMap":{"0":{"start":{"line":1,"column":0},"end":{"line":37,"column":1}},"1":{"start":{"line":3,"column":21},"end":{"line":3,"column":42}},"2":{"start":{"line":4,"column":18},"end":{"line":4,"column":56}},"3":{"start":{"line":6,"column":4},"end":{"line":34,"column":5}},"4":{"start":{"line":9,"column":12},"end":{"line":9,"column":28}},"5":{"start":{"line":10,"column":12},"end":{"line":10,"column":43}},"6":{"start":{"line":11,"column":12},"end":{"line":11,"column":18}},"7":{"start":{"line":13,"column":12},"end":{"line":13,"column":28}},"8":{"start":{"line":14,"column":12},"end":{"line":14,"column":50}},"9":{"start":{"line":15,"column":12},"end":{"line":15,"column":18}},"10":{"start":{"line":18,"column":12},"end":{"line":18,"column":28}},"11":{"start":{"line":19,"column":12},"end":{"line":19,"column":37}},"12":{"start":{"line":20,"column":12},"end":{"line":20,"column":18}},"13":{"start":{"line":22,"column":12},"end":{"line":22,"column":28}},"14":{"start":{"line":23,"column":12},"end":{"line":23,"column":46}},"15":{"start":{"line":24,"column":12},"end":{"line":24,"column":18}},"16":{"start":{"line":26,"column":12},"end":{"line":26,"column":28}},"17":{"start":{"line":27,"column":12},"end":{"line":27,"column":38}},"18":{"start":{"line":28,"column":12},"end":{"line":28,"column":18}},"19":{"start":{"line":30,"column":12},"end":{"line":30,"column":28}},"20":{"start":{"line":31,"column":12},"end":{"line":31,"column":46}},"21":{"start":{"line":32,"column":12},"end":{"line":32,"column":18}},"22":{"start":{"line":36,"column":4},"end":{"line":36,"column":42}}},"fnMap":{"0":{"name":"errorHandler","decl":{"start":{"line":1,"column":26},"end":{"line":1,"column":38}},"loc":{"start":{"line":1,"column":60},"end":{"line":37,"column":1}},"line":1}},"branchMap":{"0":{"loc":{"start":{"line":3,"column":21},"end":{"line":3,"column":42}},"type":"binary-expr","locations":[{"start":{"line":3,"column":21},"end":{"line":3,"column":35}},{"start":{"line":3,"column":39},"end":{"line":3,"column":42}}],"line":3},"1":{"loc":{"start":{"line":4,"column":18},"end":{"line":4,"column":56}},"type":"binary-expr","locations":[{"start":{"line":4,"column":18},"end":{"line":4,"column":29}},{"start":{"line":4,"column":33},"end":{"line":4,"column":56}}],"line":4},"2":{"loc":{"start":{"line":6,"column":4},"end":{"line":34,"column":5}},"type":"switch","locations":[{"start":{"line":7,"column":8},"end":{"line":7,"column":40}},{"start":{"line":8,"column":8},"end":{"line":11,"column":18}},{"start":{"line":12,"column":8},"end":{"line":15,"column":18}},{"start":{"line":16,"column":8},"end":{"line":16,"column":33}},{"start":{"line":17,"column":8},"end":{"line":20,"column":18}},{"start":{"line":21,"column":8},"end":{"line":24,"column":18}},{"start":{"line":25,"column":8},"end":{"line":28,"column":18}},{"start":{"line":29,"column":8},"end":{"line":32,"column":18}},{"start":{"line":33,"column":8},"end":{"line":33,"column":16}}],"line":6}},"s":{"0":1,"1":13,"2":13,"3":13,"4":1,"5":1,"6":1,"7":4,"8":4,"9":4,"10":3,"11":3,"12":3,"13":2,"14":2,"15":2,"16":0,"17":0,"18":0,"19":1,"20":1,"21":1,"22":13},"f":{"0":13},"b":{"0":[13,13],"1":[13,10],"2":[0,1,4,0,3,2,0,1,2]},"_coverageSchema":"1a1c01bbd47fc00a2c39e90264f33305004495a9","hash":"4faa3a0d212e8889a73d8207530aad9f683fee51"}
,"/Users/dorrr/Desktop/Hacktiv8/Phase 2/IP-HCK65/server/models/cats.js": {"path":"/Users/dorrr/Desktop/Hacktiv8/Phase 2/IP-HCK65/server/models/cats.js","statementMap":{"0":{"start":{"line":4,"column":4},"end":{"line":4,"column":24}},"1":{"start":{"line":5,"column":0},"end":{"line":38,"column":2}},"2":{"start":{"line":14,"column":6},"end":{"line":14,"column":34}},"3":{"start":{"line":17,"column":2},"end":{"line":36,"column":5}},"4":{"start":{"line":37,"column":2},"end":{"line":37,"column":14}}},"fnMap":{"0":{"name":"(anonymous_0)","decl":{"start":{"line":5,"column":17},"end":{"line":5,"column":18}},"loc":{"start":{"line":5,"column":43},"end":{"line":38,"column":1}},"line":5},"1":{"name":"(anonymous_1)","decl":{"start":{"line":12,"column":4},"end":{"line":12,"column":5}},"loc":{"start":{"line":12,"column":29},"end":{"line":15,"column":5}},"line":12}},"branchMap":{},"s":{"0":1,"1":1,"2":1,"3":1,"4":1},"f":{"0":1,"1":1},"b":{},"_coverageSchema":"1a1c01bbd47fc00a2c39e90264f33305004495a9","hash":"4219872c7efed204f2b1d697ec710a37de4d7013"}
,"/Users/dorrr/Desktop/Hacktiv8/Phase 2/IP-HCK65/server/models/index.js": {"path":"/Users/dorrr/Desktop/Hacktiv8/Phase 2/IP-HCK65/server/models/index.js","statementMap":{"0":{"start":{"line":3,"column":11},"end":{"line":3,"column":24}},"1":{"start":{"line":4,"column":13},"end":{"line":4,"column":28}},"2":{"start":{"line":5,"column":18},"end":{"line":5,"column":38}},"3":{"start":{"line":6,"column":16},"end":{"line":6,"column":34}},"4":{"start":{"line":7,"column":17},"end":{"line":7,"column":42}},"5":{"start":{"line":8,"column":12},"end":{"line":8,"column":49}},"6":{"start":{"line":9,"column":15},"end":{"line":9,"column":65}},"7":{"start":{"line":10,"column":11},"end":{"line":10,"column":13}},"8":{"start":{"line":13,"column":0},"end":{"line":17,"column":1}},"9":{"start":{"line":14,"column":2},"end":{"line":14,"column":74}},"10":{"start":{"line":16,"column":2},"end":{"line":16,"column":87}},"11":{"start":{"line":19,"column":0},"end":{"line":32,"column":5}},"12":{"start":{"line":22,"column":4},"end":{"line":27,"column":6}},"13":{"start":{"line":30,"column":18},"end":{"line":30,"column":85}},"14":{"start":{"line":31,"column":4},"end":{"line":31,"column":27}},"15":{"start":{"line":34,"column":0},"end":{"line":38,"column":3}},"16":{"start":{"line":35,"column":2},"end":{"line":37,"column":3}},"17":{"start":{"line":36,"column":4},"end":{"line":36,"column":32}},"18":{"start":{"line":40,"column":0},"end":{"line":40,"column":25}},"19":{"start":{"line":41,"column":0},"end":{"line":41,"column":25}},"20":{"start":{"line":43,"column":0},"end":{"line":43,"column":20}}},"fnMap":{"0":{"name":"(anonymous_0)","decl":{"start":{"line":21,"column":10},"end":{"line":21,"column":11}},"loc":{"start":{"line":21,"column":18},"end":{"line":28,"column":3}},"line":21},"1":{"name":"(anonymous_1)","decl":{"start":{"line":29,"column":11},"end":{"line":29,"column":12}},"loc":{"start":{"line":29,"column":19},"end":{"line":32,"column":3}},"line":29},"2":{"name":"(anonymous_2)","decl":{"start":{"line":34,"column":24},"end":{"line":34,"column":25}},"loc":{"start":{"line":34,"column":37},"end":{"line":38,"column":1}},"line":34}},"branchMap":{"0":{"loc":{"start":{"line":8,"column":12},"end":{"line":8,"column":49}},"type":"binary-expr","locations":[{"start":{"line":8,"column":12},"end":{"line":8,"column":32}},{"start":{"line":8,"column":36},"end":{"line":8,"column":49}}],"line":8},"1":{"loc":{"start":{"line":13,"column":0},"end":{"line":17,"column":1}},"type":"if","locations":[{"start":{"line":13,"column":0},"end":{"line":17,"column":1}},{"start":{"line":15,"column":7},"end":{"line":17,"column":1}}],"line":13},"2":{"loc":{"start":{"line":23,"column":6},"end":{"line":26,"column":37}},"type":"binary-expr","locations":[{"start":{"line":23,"column":6},"end":{"line":23,"column":29}},{"start":{"line":24,"column":6},"end":{"line":24,"column":23}},{"start":{"line":25,"column":6},"end":{"line":25,"column":30}},{"start":{"line":26,"column":6},"end":{"line":26,"column":37}}],"line":23},"3":{"loc":{"start":{"line":35,"column":2},"end":{"line":37,"column":3}},"type":"if","locations":[{"start":{"line":35,"column":2},"end":{"line":37,"column":3}},{"start":{},"end":{}}],"line":35}},"s":{"0":1,"1":1,"2":1,"3":1,"4":1,"5":1,"6":1,"7":1,"8":1,"9":0,"10":1,"11":1,"12":4,"13":3,"14":3,"15":1,"16":3,"17":3,"18":1,"19":1,"20":1},"f":{"0":4,"1":3,"2":3},"b":{"0":[1,0],"1":[0,1],"2":[4,4,3,3],"3":[3,0]},"_coverageSchema":"1a1c01bbd47fc00a2c39e90264f33305004495a9","hash":"02697f8d05cfa7e85531ec9f31d47db45dcf0c8a"}
,"/Users/dorrr/Desktop/Hacktiv8/Phase 2/IP-HCK65/server/models/order.js": {"path":"/Users/dorrr/Desktop/Hacktiv8/Phase 2/IP-HCK65/server/models/order.js","statementMap":{"0":{"start":{"line":4,"column":4},"end":{"line":4,"column":24}},"1":{"start":{"line":5,"column":0},"end":{"line":41,"column":2}},"2":{"start":{"line":14,"column":6},"end":{"line":14,"column":59}},"3":{"start":{"line":17,"column":2},"end":{"line":39,"column":5}},"4":{"start":{"line":40,"column":2},"end":{"line":40,"column":15}}},"fnMap":{"0":{"name":"(anonymous_0)","decl":{"start":{"line":5,"column":17},"end":{"line":5,"column":18}},"loc":{"start":{"line":5,"column":43},"end":{"line":41,"column":1}},"line":5},"1":{"name":"(anonymous_1)","decl":{"start":{"line":12,"column":4},"end":{"line":12,"column":5}},"loc":{"start":{"line":12,"column":29},"end":{"line":15,"column":5}},"line":12}},"branchMap":{},"s":{"0":1,"1":1,"2":1,"3":1,"4":1},"f":{"0":1,"1":1},"b":{},"_coverageSchema":"1a1c01bbd47fc00a2c39e90264f33305004495a9","hash":"efee54ed8dbc892fcab3161acfb80125eb6c7032"}
,"/Users/dorrr/Desktop/Hacktiv8/Phase 2/IP-HCK65/server/models/user.js": {"path":"/Users/dorrr/Desktop/Hacktiv8/Phase 2/IP-HCK65/server/models/user.js","statementMap":{"0":{"start":{"line":4,"column":4},"end":{"line":4,"column":24}},"1":{"start":{"line":5,"column":25},"end":{"line":5,"column":53}},"2":{"start":{"line":6,"column":0},"end":{"line":88,"column":2}},"3":{"start":{"line":15,"column":6},"end":{"line":15,"column":56}},"4":{"start":{"line":16,"column":6},"end":{"line":16,"column":56}},"5":{"start":{"line":19,"column":2},"end":{"line":82,"column":5}},"6":{"start":{"line":83,"column":2},"end":{"line":86,"column":5}},"7":{"start":{"line":84,"column":28},"end":{"line":84,"column":55}},"8":{"start":{"line":85,"column":4},"end":{"line":85,"column":35}},"9":{"start":{"line":87,"column":2},"end":{"line":87,"column":14}}},"fnMap":{"0":{"name":"(anonymous_0)","decl":{"start":{"line":6,"column":17},"end":{"line":6,"column":18}},"loc":{"start":{"line":6,"column":43},"end":{"line":88,"column":1}},"line":6},"1":{"name":"(anonymous_1)","decl":{"start":{"line":13,"column":4},"end":{"line":13,"column":5}},"loc":{"start":{"line":13,"column":29},"end":{"line":17,"column":5}},"line":13},"2":{"name":"(anonymous_2)","decl":{"start":{"line":83,"column":21},"end":{"line":83,"column":22}},"loc":{"start":{"line":83,"column":40},"end":{"line":86,"column":3}},"line":83}},"branchMap":{},"s":{"0":1,"1":1,"2":1,"3":1,"4":1,"5":1,"6":1,"7":3,"8":3,"9":1},"f":{"0":1,"1":1,"2":3},"b":{},"_coverageSchema":"1a1c01bbd47fc00a2c39e90264f33305004495a9","hash":"6804dbbb4dcac91bd9de217ebea2e5dbc4a23096"}
,"/Users/dorrr/Desktop/Hacktiv8/Phase 2/IP-HCK65/server/routers/cats.js": {"path":"/Users/dorrr/Desktop/Hacktiv8/Phase 2/IP-HCK65/server/routers/cats.js","statementMap":{"0":{"start":{"line":1,"column":16},"end":{"line":1,"column":34}},"1":{"start":{"line":2,"column":19},"end":{"line":2,"column":55}},"2":{"start":{"line":3,"column":21},"end":{"line":3,"column":61}},"3":{"start":{"line":4,"column":13},"end":{"line":4,"column":29}},"4":{"start":{"line":6,"column":0},"end":{"line":6,"column":37}},"5":{"start":{"line":8,"column":0},"end":{"line":8,"column":22}},"6":{"start":{"line":10,"column":0},"end":{"line":10,"column":34}},"7":{"start":{"line":11,"column":0},"end":{"line":11,"column":46}},"8":{"start":{"line":12,"column":0},"end":{"line":12,"column":54}},"9":{"start":{"line":14,"column":0},"end":{"line":14,"column":21}}},"fnMap":{},"branchMap":{},"s":{"0":1,"1":1,"2":1,"3":1,"4":1,"5":1,"6":1,"7":1,"8":1,"9":1},"f":{},"b":{},"_coverageSchema":"1a1c01bbd47fc00a2c39e90264f33305004495a9","hash":"bf1d20f3ca7cd6af687545d15188cc2e3c3ef64b"}
,"/Users/dorrr/Desktop/Hacktiv8/Phase 2/IP-HCK65/server/routers/index.js": {"path":"/Users/dorrr/Desktop/Hacktiv8/Phase 2/IP-HCK65/server/routers/index.js","statementMap":{"0":{"start":{"line":1,"column":16},"end":{"line":1,"column":34}},"1":{"start":{"line":2,"column":14},"end":{"line":2,"column":32}},"2":{"start":{"line":3,"column":13},"end":{"line":3,"column":30}},"3":{"start":{"line":4,"column":16},"end":{"line":4,"column":37}},"4":{"start":{"line":6,"column":15},"end":{"line":6,"column":31}},"5":{"start":{"line":8,"column":0},"end":{"line":8,"column":27}},"6":{"start":{"line":9,"column":0},"end":{"line":9,"column":25}},"7":{"start":{"line":10,"column":0},"end":{"line":10,"column":32}},"8":{"start":{"line":12,"column":0},"end":{"line":12,"column":23}}},"fnMap":{},"branchMap":{},"s":{"0":1,"1":1,"2":1,"3":1,"4":1,"5":1,"6":1,"7":1,"8":1},"f":{},"b":{},"_coverageSchema":"1a1c01bbd47fc00a2c39e90264f33305004495a9","hash":"e380ae2bebc99fe69aec26e0947bd033e92ceead"}
,"/Users/dorrr/Desktop/Hacktiv8/Phase 2/IP-HCK65/server/routers/payments.js": {"path":"/Users/dorrr/Desktop/Hacktiv8/Phase 2/IP-HCK65/server/routers/payments.js","statementMap":{"0":{"start":{"line":1,"column":16},"end":{"line":1,"column":34}},"1":{"start":{"line":2,"column":19},"end":{"line":2,"column":55}},"2":{"start":{"line":3,"column":21},"end":{"line":3,"column":61}},"3":{"start":{"line":4,"column":16},"end":{"line":4,"column":32}},"4":{"start":{"line":6,"column":0},"end":{"line":6,"column":25}},"5":{"start":{"line":8,"column":0},"end":{"line":8,"column":59}},"6":{"start":{"line":10,"column":0},"end":{"line":10,"column":24}}},"fnMap":{},"branchMap":{},"s":{"0":1,"1":1,"2":1,"3":1,"4":1,"5":1,"6":1},"f":{},"b":{},"_coverageSchema":"1a1c01bbd47fc00a2c39e90264f33305004495a9","hash":"ef8c47780991d80699329f875c232cb80d8cfda7"}
,"/Users/dorrr/Desktop/Hacktiv8/Phase 2/IP-HCK65/server/routers/users.js": {"path":"/Users/dorrr/Desktop/Hacktiv8/Phase 2/IP-HCK65/server/routers/users.js","statementMap":{"0":{"start":{"line":1,"column":16},"end":{"line":1,"column":34}},"1":{"start":{"line":2,"column":19},"end":{"line":2,"column":55}},"2":{"start":{"line":3,"column":21},"end":{"line":3,"column":61}},"3":{"start":{"line":4,"column":22},"end":{"line":4,"column":61}},"4":{"start":{"line":5,"column":14},"end":{"line":5,"column":30}},"5":{"start":{"line":7,"column":0},"end":{"line":7,"column":42}},"6":{"start":{"line":8,"column":0},"end":{"line":8,"column":48}},"7":{"start":{"line":9,"column":0},"end":{"line":9,"column":51}},"8":{"start":{"line":11,"column":0},"end":{"line":11,"column":23}},"9":{"start":{"line":13,"column":0},"end":{"line":13,"column":40}},"10":{"start":{"line":15,"column":0},"end":{"line":15,"column":73}},"11":{"start":{"line":17,"column":0},"end":{"line":17,"column":53}},"12":{"start":{"line":19,"column":0},"end":{"line":19,"column":22}}},"fnMap":{},"branchMap":{},"s":{"0":1,"1":1,"2":1,"3":1,"4":1,"5":1,"6":1,"7":1,"8":1,"9":1,"10":1,"11":1,"12":1},"f":{},"b":{},"_coverageSchema":"1a1c01bbd47fc00a2c39e90264f33305004495a9","hash":"c8c8d0d7822a400a2a06ab79dfee54d3611a712c"}
}
