TN:
SF:app.js
FNF:0
FNH:0
DA:1,1
DA:2,1
DA:5,1
DA:7,1
DA:8,1
DA:9,1
DA:11,1
DA:14,1
DA:15,1
DA:16,1
DA:19,1
DA:21,1
DA:27,1
LF:13
LH:13
BRDA:1,0,0,1
BRDA:1,0,1,0
BRF:2
BRH:1
end_of_record
TN:
SF:controllers/controller.js
FN:13,(anonymous_0)
FN:47,(anonymous_1)
FN:76,(anonymous_2)
FN:107,main
FN:134,(anonymous_4)
FN:157,(anonymous_5)
FN:190,(anonymous_6)
FN:212,(anonymous_7)
FN:235,(anonymous_8)
FN:273,oo_cm
FNF:10
FNH:8
FNDA:1,(anonymous_0)
FNDA:7,(anonymous_1)
FNDA:5,(anonymous_2)
FNDA:0,main
FNDA:1,(anonymous_4)
FNDA:1,(anonymous_5)
FNDA:0,(anonymous_6)
FNDA:1,(anonymous_7)
FNDA:2,(anonymous_8)
FNDA:10,oo_cm
DA:1,1
DA:2,1
DA:3,1
DA:4,1
DA:5,1
DA:6,1
DA:7,1
DA:9,1
DA:14,1
DA:15,1
DA:17,1
DA:21,0
DA:23,0
DA:31,0
DA:33,0
DA:41,1
DA:42,1
DA:48,7
DA:49,7
DA:51,7
DA:53,3
DA:59,3
DA:61,2
DA:64,2
DA:66,1
DA:68,1
DA:71,6
DA:72,6
DA:78,5
DA:79,5
DA:81,5
DA:82,4
DA:87,1
DA:93,0
DA:95,0
DA:97,0
DA:109,0
DA:117,0
DA:120,0
DA:124,1
DA:127,1
DA:135,1
DA:137,1
DA:145,1
DA:147,1
DA:151,0
DA:159,1
DA:161,1
DA:169,1
DA:174,0
DA:175,0
DA:182,0
DA:185,1
DA:192,0
DA:193,0
DA:203,0
DA:206,0
DA:207,0
DA:213,1
DA:214,1
DA:216,1
DA:223,1
DA:224,1
DA:226,0
DA:229,0
DA:231,0
DA:236,2
DA:237,2
DA:239,2
DA:241,2
DA:243,2
DA:245,2
DA:246,1
DA:251,1
DA:259,0
DA:261,1
DA:262,1
DA:273,10
LF:78
LH:55
BRDA:33,0,0,0
BRDA:33,0,1,0
BRDA:51,1,0,4
BRDA:51,1,1,3
BRDA:51,2,0,7
BRDA:51,2,1,5
BRDA:59,3,0,1
BRDA:59,3,1,2
BRDA:64,4,0,1
BRDA:64,4,1,1
BRDA:81,5,0,4
BRDA:81,5,1,1
BRDA:81,6,0,5
BRDA:81,6,1,4
BRDA:81,6,2,3
BRDA:93,7,0,0
BRDA:93,7,1,0
BRDA:174,8,0,0
BRDA:174,8,1,0
BRDA:223,9,0,1
BRDA:223,9,1,0
BRDA:241,10,0,0
BRDA:241,10,1,2
BRDA:245,11,0,1
BRDA:245,11,1,1
BRDA:273,12,0,10
BRDA:273,12,1,1
BRF:27
BRH:19
end_of_record
TN:
SF:helpers/bcrypt.js
FN:4,hashPassword
FN:8,comparePassword
FNF:2
FNH:2
FNDA:2,hashPassword
FNDA:2,comparePassword
DA:1,1
DA:2,1
DA:5,2
DA:9,2
DA:12,1
LF:5
LH:5
BRF:0
BRH:0
end_of_record
TN:
SF:helpers/jwt.js
FN:4,signToken
FN:8,verifyToken
FNF:2
FNH:2
FNDA:2,signToken
FNDA:5,verifyToken
DA:1,1
DA:2,1
DA:5,2
DA:9,5
DA:12,1
LF:5
LH:5
BRF:0
BRH:0
end_of_record
TN:
SF:middlewares/authentication.js
FN:3,authenticate
FN:43,oo_cm
FNF:2
FNH:2
FNDA:8,authenticate
FNDA:3,oo_cm
DA:1,1
DA:2,1
DA:4,8
DA:6,8
DA:8,8
DA:10,5
DA:12,5
DA:14,5
DA:16,5
DA:18,5
DA:20,5
DA:22,5
DA:27,5
DA:30,3
DA:31,3
DA:36,1
DA:43,3
LF:17
LH:17
BRDA:8,0,0,3
BRDA:8,0,1,5
BRDA:10,1,0,0
BRDA:10,1,1,5
BRDA:16,2,0,0
BRDA:16,2,1,5
BRDA:20,3,0,0
BRDA:20,3,1,5
BRDA:43,4,0,3
BRDA:43,4,1,0
BRF:10
BRH:6
end_of_record
TN:
SF:middlewares/authorization.js
FN:3,authorization
FN:26,oo_cm
FNF:2
FNH:2
FNDA:3,authorization
FNDA:1,oo_cm
DA:1,1
DA:3,1
DA:4,3
DA:6,3
DA:8,3
DA:10,3
DA:11,3
DA:13,2
DA:16,1
DA:17,1
DA:26,1
LF:11
LH:11
BRDA:11,0,0,1
BRDA:11,0,1,2
BRDA:26,1,0,1
BRDA:26,1,1,0
BRF:4
BRH:3
end_of_record
TN:
SF:middlewares/errorHandlers.js
FN:1,errorHandler
FNF:1
FNH:1
FNDA:13,errorHandler
DA:1,1
DA:3,13
DA:4,13
DA:6,13
DA:9,2
DA:10,2
DA:11,2
DA:13,4
DA:14,4
DA:15,4
DA:18,3
DA:19,3
DA:20,3
DA:22,2
DA:23,2
DA:24,2
DA:26,0
DA:27,0
DA:28,0
DA:30,1
DA:31,1
DA:32,1
DA:36,13
LF:23
LH:20
BRDA:3,0,0,13
BRDA:3,0,1,13
BRDA:4,1,0,13
BRDA:4,1,1,10
BRDA:6,2,0,0
BRDA:6,2,1,2
BRDA:6,2,2,4
BRDA:6,2,3,0
BRDA:6,2,4,3
BRDA:6,2,5,2
BRDA:6,2,6,0
BRDA:6,2,7,1
BRDA:6,2,8,1
BRF:13
BRH:10
end_of_record
TN:
SF:models/cats.js
FN:5,(anonymous_0)
FN:12,(anonymous_1)
FNF:2
FNH:2
FNDA:1,(anonymous_0)
FNDA:1,(anonymous_1)
DA:4,1
DA:5,1
DA:14,1
DA:17,1
DA:37,1
LF:5
LH:5
BRF:0
BRH:0
end_of_record
TN:
SF:models/index.js
FN:21,(anonymous_0)
FN:29,(anonymous_1)
FN:34,(anonymous_2)
FNF:3
FNH:3
FNDA:3,(anonymous_0)
FNDA:2,(anonymous_1)
FNDA:2,(anonymous_2)
DA:3,1
DA:4,1
DA:5,1
DA:6,1
DA:7,1
DA:8,1
DA:9,1
DA:10,1
DA:13,1
DA:14,0
DA:16,1
DA:19,1
DA:22,3
DA:30,2
DA:31,2
DA:34,1
DA:35,2
DA:36,2
DA:40,1
DA:41,1
DA:43,1
LF:21
LH:20
BRDA:8,0,0,1
BRDA:8,0,1,0
BRDA:13,1,0,0
BRDA:13,1,1,1
BRDA:23,2,0,3
BRDA:23,2,1,3
BRDA:23,2,2,2
BRDA:23,2,3,2
BRDA:35,3,0,2
BRDA:35,3,1,0
BRF:10
BRH:7
end_of_record
TN:
SF:models/user.js
FN:5,(anonymous_0)
FN:12,(anonymous_1)
FNF:2
FNH:2
FNDA:1,(anonymous_0)
FNDA:1,(anonymous_1)
DA:4,1
DA:5,1
DA:14,1
DA:17,1
DA:77,1
LF:5
LH:5
BRF:0
BRH:0
end_of_record
TN:
SF:routers/cats.js
FNF:0
FNH:0
DA:1,1
DA:2,1
DA:3,1
DA:4,1
DA:6,1
DA:8,1
DA:10,1
DA:11,1
DA:12,1
DA:14,1
LF:10
LH:10
BRF:0
BRH:0
end_of_record
TN:
SF:routers/index.js
FNF:0
FNH:0
DA:1,1
DA:2,1
DA:3,1
DA:4,1
DA:6,1
DA:7,1
DA:9,1
LF:7
LH:7
BRF:0
BRH:0
end_of_record
TN:
SF:routers/users.js
FNF:0
FNH:0
DA:1,1
DA:2,1
DA:3,1
DA:4,1
DA:5,1
DA:7,1
DA:8,1
DA:9,1
DA:11,1
DA:13,1
DA:15,1
LF:11
LH:11
BRF:0
BRH:0
end_of_record
