TN:
SF:app.js
FNF:0
FNH:0
DA:1,1
DA:2,1
DA:5,1
DA:7,1
DA:8,1
DA:9,1
DA:11,1
DA:14,1
DA:15,1
DA:16,1
DA:19,1
DA:21,1
DA:27,1
LF:13
LH:13
BRDA:1,0,0,1
BRDA:1,0,1,0
BRF:2
BRH:1
end_of_record
TN:
SF:controllers/controller.js
FN:15,(anonymous_0)
FN:49,(anonymous_1)
FN:78,(anonymous_2)
FN:109,main
FN:136,(anonymous_4)
FN:159,(anonymous_5)
FN:208,(anonymous_6)
FN:234,(anonymous_7)
FN:257,(anonymous_8)
FN:289,(anonymous_9)
FN:326,(anonymous_10)
FN:388,(anonymous_11)
FN:415,oo_cm
FNF:13
FNH:11
FNDA:1,(anonymous_0)
FNDA:7,(anonymous_1)
FNDA:5,(anonymous_2)
FNDA:1,main
FNDA:1,(anonymous_4)
FNDA:1,(anonymous_5)
FNDA:0,(anonymous_6)
FNDA:1,(anonymous_7)
FNDA:2,(anonymous_8)
FNDA:0,(anonymous_9)
FNDA:1,(anonymous_10)
FNDA:1,(anonymous_11)
FNDA:10,oo_cm
DA:1,1
DA:2,1
DA:3,1
DA:4,1
DA:5,1
DA:6,1
DA:7,1
DA:9,1
DA:11,1
DA:16,1
DA:17,1
DA:19,1
DA:23,0
DA:25,0
DA:33,0
DA:35,0
DA:43,1
DA:44,1
DA:50,7
DA:51,7
DA:53,7
DA:55,3
DA:61,3
DA:63,2
DA:66,2
DA:68,1
DA:70,1
DA:73,6
DA:74,6
DA:80,5
DA:81,5
DA:83,5
DA:84,4
DA:89,1
DA:95,1
DA:97,1
DA:99,1
DA:111,1
DA:119,0
DA:122,1
DA:126,0
DA:129,0
DA:137,1
DA:139,1
DA:147,1
DA:149,1
DA:153,0
DA:161,1
DA:163,1
DA:172,1
DA:178,0
DA:179,0
DA:184,0
DA:185,0
DA:191,0
DA:199,0
DA:202,1
DA:203,1
DA:210,0
DA:211,0
DA:225,0
DA:228,0
DA:229,0
DA:235,1
DA:236,1
DA:238,1
DA:245,1
DA:246,1
DA:248,0
DA:251,0
DA:253,0
DA:258,2
DA:259,2
DA:261,2
DA:263,2
DA:265,2
DA:267,2
DA:268,1
DA:273,1
DA:281,0
DA:283,1
DA:284,1
DA:290,0
DA:291,0
DA:295,0
DA:297,0
DA:299,0
DA:306,0
DA:320,0
DA:322,0
DA:327,1
DA:329,1
DA:333,1
DA:339,1
DA:341,1
DA:343,1
DA:361,1
DA:366,1
DA:372,1
DA:376,1
DA:378,1
DA:383,0
DA:384,0
DA:389,1
DA:390,1
DA:392,1
DA:398,1
DA:404,0
DA:405,0
DA:415,10
LF:110
LH:75
BRDA:35,0,0,0
BRDA:35,0,1,0
BRDA:53,1,0,4
BRDA:53,1,1,3
BRDA:53,2,0,7
BRDA:53,2,1,5
BRDA:61,3,0,1
BRDA:61,3,1,2
BRDA:66,4,0,1
BRDA:66,4,1,1
BRDA:83,5,0,4
BRDA:83,5,1,1
BRDA:83,6,0,5
BRDA:83,6,1,4
BRDA:83,6,2,3
BRDA:95,7,0,0
BRDA:95,7,1,1
BRDA:178,8,0,0
BRDA:178,8,1,0
BRDA:184,9,0,0
BRDA:184,9,1,0
BRDA:245,10,0,1
BRDA:245,10,1,0
BRDA:263,11,0,0
BRDA:263,11,1,2
BRDA:267,12,0,1
BRDA:267,12,1,1
BRDA:339,13,0,0
BRDA:339,13,1,1
BRDA:415,14,0,10
BRDA:415,14,1,1
BRF:31
BRH:21
end_of_record
TN:
SF:helpers/bcrypt.js
FN:4,hashPassword
FN:8,comparePassword
FNF:2
FNH:2
FNDA:3,hashPassword
FNDA:2,comparePassword
DA:1,1
DA:2,1
DA:5,3
DA:9,2
DA:12,1
LF:5
LH:5
BRF:0
BRH:0
end_of_record
TN:
SF:helpers/jwt.js
FN:4,signToken
FN:8,verifyToken
FNF:2
FNH:2
FNDA:2,signToken
FNDA:7,verifyToken
DA:1,1
DA:2,1
DA:5,2
DA:9,7
DA:12,1
LF:5
LH:5
BRF:0
BRH:0
end_of_record
TN:
SF:middlewares/authentication.js
FN:3,authenticate
FN:40,oo_cm
FNF:2
FNH:2
FNDA:10,authenticate
FNDA:3,oo_cm
DA:1,1
DA:2,1
DA:4,10
DA:6,10
DA:8,10
DA:10,7
DA:12,7
DA:14,7
DA:16,7
DA:18,7
DA:20,7
DA:22,7
DA:24,7
DA:27,3
DA:28,3
DA:33,1
DA:40,3
LF:17
LH:17
BRDA:8,0,0,3
BRDA:8,0,1,7
BRDA:10,1,0,0
BRDA:10,1,1,7
BRDA:16,2,0,0
BRDA:16,2,1,7
BRDA:20,3,0,0
BRDA:20,3,1,7
BRDA:40,4,0,3
BRDA:40,4,1,0
BRF:10
BRH:6
end_of_record
TN:
SF:middlewares/authorization.js
FN:3,authorization
FNF:1
FNH:1
FNDA:3,authorization
DA:1,1
DA:3,1
DA:4,3
DA:6,3
DA:8,3
DA:10,3
DA:12,3
DA:14,2
DA:17,1
DA:18,1
LF:10
LH:10
BRDA:12,0,0,1
BRDA:12,0,1,2
BRF:2
BRH:2
end_of_record
TN:
SF:middlewares/errorHandlers.js
FN:1,errorHandler
FNF:1
FNH:1
FNDA:13,errorHandler
DA:1,1
DA:3,13
DA:4,13
DA:6,13
DA:9,1
DA:10,1
DA:11,1
DA:13,4
DA:14,4
DA:15,4
DA:18,3
DA:19,3
DA:20,3
DA:22,2
DA:23,2
DA:24,2
DA:26,0
DA:27,0
DA:28,0
DA:30,1
DA:31,1
DA:32,1
DA:36,13
LF:23
LH:20
BRDA:3,0,0,13
BRDA:3,0,1,13
BRDA:4,1,0,13
BRDA:4,1,1,10
BRDA:6,2,0,0
BRDA:6,2,1,1
BRDA:6,2,2,4
BRDA:6,2,3,0
BRDA:6,2,4,3
BRDA:6,2,5,2
BRDA:6,2,6,0
BRDA:6,2,7,1
BRDA:6,2,8,2
BRF:13
BRH:10
end_of_record
TN:
SF:models/cats.js
FN:5,(anonymous_0)
FN:12,(anonymous_1)
FNF:2
FNH:2
FNDA:1,(anonymous_0)
FNDA:1,(anonymous_1)
DA:4,1
DA:5,1
DA:14,1
DA:17,1
DA:37,1
LF:5
LH:5
BRF:0
BRH:0
end_of_record
TN:
SF:models/index.js
FN:21,(anonymous_0)
FN:29,(anonymous_1)
FN:34,(anonymous_2)
FNF:3
FNH:3
FNDA:4,(anonymous_0)
FNDA:3,(anonymous_1)
FNDA:3,(anonymous_2)
DA:3,1
DA:4,1
DA:5,1
DA:6,1
DA:7,1
DA:8,1
DA:9,1
DA:10,1
DA:13,1
DA:14,0
DA:16,1
DA:19,1
DA:22,4
DA:30,3
DA:31,3
DA:34,1
DA:35,3
DA:36,3
DA:40,1
DA:41,1
DA:43,1
LF:21
LH:20
BRDA:8,0,0,1
BRDA:8,0,1,0
BRDA:13,1,0,0
BRDA:13,1,1,1
BRDA:23,2,0,4
BRDA:23,2,1,4
BRDA:23,2,2,3
BRDA:23,2,3,3
BRDA:35,3,0,3
BRDA:35,3,1,0
BRF:10
BRH:7
end_of_record
TN:
SF:models/order.js
FN:5,(anonymous_0)
FN:12,(anonymous_1)
FNF:2
FNH:2
FNDA:1,(anonymous_0)
FNDA:1,(anonymous_1)
DA:4,1
DA:5,1
DA:14,1
DA:17,1
DA:40,1
LF:5
LH:5
BRF:0
BRH:0
end_of_record
TN:
SF:models/user.js
FN:6,(anonymous_0)
FN:13,(anonymous_1)
FN:83,(anonymous_2)
FNF:3
FNH:3
FNDA:1,(anonymous_0)
FNDA:1,(anonymous_1)
FNDA:3,(anonymous_2)
DA:4,1
DA:5,1
DA:6,1
DA:15,1
DA:16,1
DA:19,1
DA:83,1
DA:84,3
DA:85,3
DA:87,1
LF:10
LH:10
BRF:0
BRH:0
end_of_record
TN:
SF:routers/cats.js
FNF:0
FNH:0
DA:1,1
DA:2,1
DA:3,1
DA:4,1
DA:6,1
DA:8,1
DA:10,1
DA:11,1
DA:12,1
DA:14,1
LF:10
LH:10
BRF:0
BRH:0
end_of_record
TN:
SF:routers/index.js
FNF:0
FNH:0
DA:1,1
DA:2,1
DA:3,1
DA:4,1
DA:6,1
DA:8,1
DA:9,1
DA:10,1
DA:12,1
LF:9
LH:9
BRF:0
BRH:0
end_of_record
TN:
SF:routers/payments.js
FNF:0
FNH:0
DA:1,1
DA:2,1
DA:3,1
DA:4,1
DA:6,1
DA:8,1
DA:10,1
LF:7
LH:7
BRF:0
BRH:0
end_of_record
TN:
SF:routers/users.js
FNF:0
FNH:0
DA:1,1
DA:2,1
DA:3,1
DA:4,1
DA:5,1
DA:7,1
DA:8,1
DA:9,1
DA:11,1
DA:13,1
DA:15,1
DA:17,1
DA:19,1
LF:13
LH:13
BRF:0
BRH:0
end_of_record
